305 305
846 847
2109 2110
0 4
1511 1511
833 833
2126 2127
722 723
2488 2488
393 394
2036 2036
695 695
495 495
38 50
2116 2117
1013 1014
1050 1050
736 737
1946 1947
1965 1966
2180 2180
1306 1307
168 170
486 487
682 683
86 90
1885 1886
1489 1490
1267 1267
2189 2190
1026 1026
190 191
105 112
2411 2411
2407 2407
1032 1032
1497 1497
558 558
794 794
2621 2621
2538 2539
1080 1080
406 406
2239 2239
1386 1386
811 811
1802 1803
1641 1642
800 801
1070 1070
707 708
0 95
938 938
1019 1019
1998 1998
1230 1231
1019 1020
1487 1487
974 974
2078 2079
953 954
1314 1315
1908 1908
1954 1954
2223 2223
2203 2204
2458 2459
356 357
2473 2473
2184 2184
438 439
211 218
864 864
393 394
2222 2222
610 610
1717 1718
1416 1416
821 822
1562 1562
1581 1581
1763 1763
1508 1509
2031 2032
369 369
1725 1726
1372 1372
2411 2412
1952 1953
1596 1596
0 17
1093 1094
2247 2247
146 150
1963 1964
1690 1691
1330 1330
705 705
1560 1561
1914 1914
1844 1845
148 172
2126 2127
1254 1254
61 64
1158 1159
1410 1411
1028 1029
594 594
889 890
1195 1195
1171 1171
1193 1194
1267 1268
799 800
699 699
1504 1505
1276 1277
380 380
986 987
988 989
171 172
515 516
2102 2103
1719 1719
1063 1063
2188 2189
1221 1221
1197 1197
2115 2116
745 746
121 127
467 468
2166 2166
1399 1400
1319 1320
1692 1693
675 676
413 413
648 649
1232 1233
577 578
1640 1641
264 264
2454 2454
1555 1555
1212 1213
100 120
1781 1781
971 971
1755 1756
872 873
1013 1014
1002 1003
773 774
1121 1121
34 50
2395 2395
1095 1096
1401 1402
375 376
995 996
1409 1410
1218 1219
1393 1394
492 492
2641 2642
1554 1554
1967 1967
1128 1129
857 858
1138 1138
381 381
911 911
1313 1313
1336 1336
932 932
2500 2500
1643 1644
964 964
1667 1668
1414 1414
0 87
1193 1194
1119 1120
146 146
284 284
576 576
614 614
175 176
531 531
2290 2291
2454 2454
2099 2100
163 171
422 423
762 762
491 492
1803 1803
190 191
727 727
304 304
485 486
377 377
604 605
694 694
2644 2644
834 835
601 601
2490 2491
1116 1117
2426 2427
954 955
1624 1625
967 968
2303 2303
2172 2173
2415 2415
645 646
923 924
1078 1079
1112 1113
1084 1084
1421 1422
431 431
2016 2017
2738 2739
1449 1449
294 295
2099 2099
2117 2118
0 60
1595 1596
854 854
2472 2473
1668 1668
594 594
898 899
1106 1106
914 914
53 61
1919 1920
1135 1135
386 387
1080 1080
1204 1205
2131 2131
795 795
787 788
2251 2251
463 464
1232 1233
1832 1833
852 853
2277 2277
448 448
1220 1220
1411 1412
698 699
1581 1582
1845 1845
242 243
698 699
2309 2309
1773 1773
2028 2029
648 649
772 772
1096 1096
393 393
857 858
1344 1344
2446 2446
2402 2403
1885 1886
1528 1529
1896 1896
618 618
665 666
2 22
2151 2152
29 66
2040 2041
854 854
1366 1367
2043 2043
2362 2363
2026 2026
1339 1339
203 206
355 356
829 830
1264 1264
1792 1793
5 14
304 305
1787 1787
524 524
2169 2169
53 60
1373 1373
1831 1831
1045 1046
2267 2268
2465 2465
1813 1814
385 385
1953 1954
1288 1289
140 141
763 764
2072 2073
2662 2663
1739 1739
1198 1199
2285 2286
1 93
1829 1830
1781 1782
1189 1189
469 469
316 317
959 960
920 921
1902 1903
880 881
2375 2376
541 541
1027 1027
2465 2466
2294 2295
1470 1470
1019 1019
404 404
414 415
1655 1655
1393 1394
2446 2447
66 100
433 434
1564 1565
2195 2196
850 851
1800 1801
0 75
249 250
1019 1019
557 558
1906 1906
2268 2268
996 996
1602 1603
376 376
2445 2445
60 83
1046 1047
886 886
1552 1553
1081 1081
1506 1507
1219 1219
1422 1422
2183 2184
2018 2019
2241 2242
1402 1403
1226 1226
756 757
2172 2173
1664 1665
867 867
915 916
2012 2012
134 136
977 977
992 992
449 450
469 469
1434 1434
1618 1619
1157 1157
1620 1621
2384 2384
237 238
2038 2038
2162 2162
121 129
814 815
2328 2329
2296 2296
589 590
2315 2316
1121 1121
2357 2358
1033 1033
1115 1115
2283 2283
814 814
1851 1851
1044 1044
584 584
1616 1617
2097 2097
1708 1708
218 219
421 422
1628 1629
715 715
237 238
904 905
2648 2648
2281 2282
430 430
1094 1095
2334 2334
332 333
2679 2680
489 489
1398 1398
1389 1390
1577 1578
889 889
2013 2013
171 173
1717 1718
267 267
1678 1678
1880 1880
1508 1508
980 981
719 720
2384 2385
2034 2034
344 344
2280 2280
998 998
1697 1698
1621 1621
2202 2202
1552 1553
2178 2178
157 157
836 837
1613 1614
1218 1218
1874 1875
2602 2603
860 861
824 825
1049 1049
534 534
2037 2038
204 209
694 695
699 699
2228 2228
1197 1198
601 602
2229 2229
504 504
1469 1469
2213 2213
916 916
772 772
2231 2231
6 18
701 702
911 912
878 879
1133 1133
2127 2128
1117 1117
1048 1048
2274 2274
983 983
1843 1843
41 43
1823 1824
362 362
1506 1507
1633 1633
1441 1441
1515 1515
471 472
1957 1957
1817 1817
115 126
1952 1952
375 375
532 532
2383 2383
327 327
2297 2298
2111 2111
1357 1357
2696 2697
335 335
1311 1311
2134 2135
1248 1248
1804 1804
279 280
1061 1062
683 683
1961 1961
656 657
2303 2304
2439 2439
1385 1385
80 88
1396 1396
1639 1640
1056 1056
1385 1386
1790 1790
2427 2428
2192 2192
331 332
2111 2112
1198 1199
263 264
346 346
318 319
2077 2078
2135 2135
1582 1582
164 165
2546 2547
449 450
489 490
2178 2179
1789 1790
2110 2111
2090 2090
900 900
1063 1064
1476 1476
1311 1312
2356 2356
2281 2281
2136 2137
727 728
822 822
2247 2248
1773 1773
1896 1897
565 565
149 151
1274 1274
787 787
266 268
1630 1630
1214 1214
1168 1168
1271 1272
458 459
228 232
1387 1387
1681 1681
124 152
1980 1981
1749 1750
2320 2321
2026 2027
2174 2174
1745 1745
2130 2130
1462 1463
2586 2587
2646 2647
2257 2257
253 253
1932 1933
2028 2029
941 942
754 754
925 925
59 90
1365 1365
1891 1892
1684 1685
897 897
371 372
1958 1958
1413 1413
117 117
1145 1146
262 262
1319 1319
2351 2352
2092 2092
1054 1055
743 744
532 532
1484 1485
773 773
1451 1451
1068 1069
580 581
963 964
2159 2160
1911 1912
520 521
744 744
1299 1299
2192 2192
815 815
851 852
1186 1186
1385 1386
791 791
1390 1391
1649 1650
2207 2208
1953 1954
2523 2524
122 124
1899 1899
2552 2552
997 997
2643 2643
1266 1267
1477 1477
372 373
974 974
256 258
1551 1552
1746 1746
405 406
652 653
2387 2388
1361 1362
1353 1353
1092 1092
519 520
600 601
136 137
1411 1412
2284 2285
505 505
1163 1163
318 319
526 526
2329 2330
2741 2742
530 530
2376 2376
2121 2121
589 590
2081 2082
2432 2433
520 521
2055 2056
2167 2168
271 273
135 155
184 185
1797 1798
711 711
1635 1635
1485 1486
67 74
1670 1671
714 714
1706 1706
1338 1339
1167 1168
868 868
1013 1013
2334 2334
1205 1206
301 301
1553 1553
1696 1696
2335 2336
919 919
1438 1438
1597 1598
259 269
817 818
1207 1208
1970 1970
2309 2309
795 796
880 880
1668 1669
825 826
2412 2412
1418 1418
2164 2164
1867 1868
772 772
1654 1654
752 753
1463 1464
1579 1580
1965 1966
1170 1171
221 223
1819 1819
535 535
594 594
327 328
2002 2003
1454 1454
1590 1590
898 899
1016 1017
487 487
281 281
800 801
1206 1207
1092 1093
817 818
793 794
1583 1584
1132 1133
2476 2476
1492 1492
575 576
2139 2139
1107 1108
1293 1293
393 394
1128 1128
404 404
2116 2116
390 390
2353 2353
1170 1170
1978 1978
981 982
365 366
2422 2422
2378 2378
538 539
1985 1985
2044 2044
277 278
1994 1995
2246 2246
609 610
830 831
1799 1800
808 808
1017 1017
1703 1703
2507 2507
574 575
361 361
2096 2096
854 854
584 585
1440 1440
2142 2143
1029 1029
626 626
811 812
0 63
2148 2149
1971 1971
1724 1725
704 705
1125 1126
2213 2213
31 47
2686 2686
2565 2566
2654 2655
1717 1718
1445 1445
2728 2729
985 985
1386 1386
28 60
1535 1536
191 195
818 818
1857 1857
1559 1560
2124 2124
790 790
1612 1613
1481 1481
1079 1079
1829 1830
1409 1410
2604 2605
551 552
619 619
1135 1135
518 519
998 999
1778 1779
436 436
2007 2007
512 512
901 901
733 733
1207 1208
2412 2413
1179 1180
569 569
1353 1353
1794 1794
2465 2465
841 842
1007 1007
485 486
2320 2321
2302 2303
1430 1430
1478 1478
1821 1822
1345 1345
1494 1495
2312 2312
336 336
2267 2267
384 384
1543 1544
1396 1396
1034 1035
1240 1241
1861 1862
1691 1692
1802 1802
661 662
1877 1878
2408 2408
922 922
1625 1625
2064 2064
682 683
1814 1814
256 256
2246 2246
2543 2543
2073 2073
172 173
485 486
1923 1924
582 582
713 713
1173 1174
0 38
1384 1385
878 878
363 364
1148 1148
184 187
2306 2307
1270 1271
2210 2211
433 433
1001 1001
998 998
1187 1187
929 929
1047 1047
1777 1778
1744 1745
1167 1167
952 952
544 545
1879 1880
935 935
1161 1161
1772 1773
1223 1224
139 145
382 382
1384 1384
929 930
2336 2337
1159 1160
242 242
247 247
888 889
167 183
155 155
587 587
2468 2469
1835 1836
1461 1461
1600 1600
950 951
815 815
2381 2381
2081 2081
2360 2361
1376 1377
954 955
1978 1978
1790 1790
1801 1801
465 466
1963 1964
605 605
1792 1793
2088 2089
918 918
2003 2003
356 356
1234 1234
1337 1337
2410 2411
19 86
622 623
1044 1045
126 156
1155 1155
2217 2217
1654 1654
112 126
2381 2382
864 865
1905 1905
1464 1464
447 448
1320 1321
1426 1426
2770 2770
736 737
733 733
333 334
466 466
0 13
952 953
88 96
2203 2203
828 829
0 33
106 113
107 112
1251 1251
157 160
1760 1760
1062 1062
1228 1229
2435 2436
1237 1238
41 46
1847 1848
1386 1386
961 962
1821 1822
1173 1173
0 34
2675 2676
737 738
471 471
2379 2380
1295 1295
1973 1974
478 478
1237 1238
1092 1092
2558 2558
2419 2419
572 573
1956 1957
1510 1510
789 789
2447 2448
558 558
1872 1872
2190 2191
1225 1225
2038 2038
712 712
1057 1057
1423 1424
1318 1319
2169 2169
1782 1783
934 934
2144 2145
921 922
358 359
1961 1961
908 909
922 922
2489 2490
1868 1869
2283 2283
977 978
1605 1605
2757 2758
1180 1181
386 387
1139 1140
551 551
991 991
253 255
1458 1459
2044 2044
356 356
135 139
1372 1373
