Case 1: 145 169 281 334 358 464 478 491 500 724 827 961 962 995
Case 2: 153 292 382 391 421 436 827 902
Case 3: 35 141 253 299 322 333 447 538 547 667 673 703 711 718 726 771 811 868 869 894 895 912
Case 4: 37 529 662 723 757 778 859
Case 5: 6 35 40 84 101 106 190 264 288 308 350 370 376 439 446 548 623 626 629 648 729 756 805 840 842 890 931 942 944 954 966
Case 6: 82 115 118 306 537 538 541 639 658 673 704 833 930 977
Case 7: 21 31 52 72 97 150 161 270 290 350 355 512 574 636 655 745 767 777 829 924 986
Case 8: 7 107 191 209 287 337 383 457 724 753 909 945 966
Case 9: 30 168 221 350 359 410 413 422 483 506 537 548 588 591 595 602 624 655 762 900 946
Case 10: 20 21 53 127 199 281 309 310 348 374 418 421 451 467 483 484 514 596 616 617 648 668 728 734 788 807 813 836 893 900 935 938
Case 11: 8 93 195 200 224 249 303 314 343 448 458 485 503 523 556 587 609 702 798 844 989
Case 12: 9 38 55 156 157 179 190 191 202 272 281 292 328 362 472 511 538 580 589 622 634 646 657 796 798 798 815 958
Case 13: 3 21 75 142 255 322 389 401 416 433 476 510 557 600 651 688 699 712 789 844 861 869 869 875 881 892
Case 14: 2 154 169 182 189 285 426 585 617 721 757 832 932
Case 15: 60 139 145 193 195 279 297 329 368 423 425 434 437 441 512 529 549 549 555 692 718 753 866 949 996
Case 16: 53 105 114 185 263 282 286 313 313 316 321 355 455 481 488 558 646 671 701 734 756 786 832 912 945 982
Case 17: 24 44 129 154 161 173 196 222 253 292 439 466 510 535 659 745
Case 18: 18 22 168 186 313 391 414 474 477 625 787 905 958
Case 19: 23 70 99 102 159 177 213 270 297 334 372 480 487 518 527 543 625 627 668 763 773 802 824 833 874 924 972 985
Case 20: 3 31 64 142 181 187 222 286 360 413 492 505 593 725 900
Case 21: 19 140 170 235 270 285 302 371 466 550 576 624 658 667 694 694 695 711 760 833 896
Case 22: 10 18 43 60 86 87 109 119 152 170 227 315 464 484 487 565 576 593 757 758 800 851 882 926
Case 23: 11 30 123 153 188 195 202 260 261 264 326 411 423 474 520 520 525 547 596 625 627 629 662 737 763 771 790 829 851 900 902 924 928 940 962
Case 24: 7 58 72 108 111 200 303 324 356 357 365 384 405 428 439 460 477 477 540 578 704 760 801 835 850 887 958 993
Case 25: 22 216 271 337 357 357 485 526 556 626 823 869 896
Case 26: 41 53 67 112 129 223 229 296 369 423 457 483 532 559 565 584 585 607 635 654 675 696 717 734 848 855 911 932 938 962 963
Case 27: 193 205 221 279 398 459 511 534 626 637 701 734 741 754 783 825 850 870 934
Case 28: 17 40 72 112 142 176 296 300 313 413 424 443 462 548 610 611 641 673 678 695 705 818 855 855 875 877 881 932 962 993
Case 29: 40 44 90 145 181 192 258 264 292 335 353 488 497 503 589 605 608 651 685 740 759 775 829 831 990
Case 30: 27 75 77 84 129 174 213 215 240 287 428 467 498 503 541 549 556 561 601 601 604 627 670 683 759 786 813 824 847 970 992
Case 31: 10 171 240 489 663 706
Case 32: 75 98 205 232 247 303 422 539 542 545 546 584 591 619 648 678 704 712 750 864 913 913 971 975
Case 33: 87 103 132 152 245 262 289 318 323 423 472 508 519 540 570 601 763 865 901 944 985
Case 34: 15 28 49 88 347 409 463 543 565 600 637 969
Case 35: 60 146 221 342 588 690 758 843 888 949 954
Case 36: 35 38 67 185 226 257 359 536 620 629 748 748 766 783 853 923
Case 37: 1 25 72 75 142 173 196 318 342 411 426 496 515 549 584 606 726 913 948 955 964
Case 38: 11 15 36 93 131 141 186 230 256 355 375 404 482 565 625 626 637 652 705 736 812 838 841 936 994
Case 39: 8 148 233 256 262 303 353 416 452 454 634 634 650 662 893
Case 40: 28 109 200 213 317 318
Case 41: 3 8 50 155 220 259 264 282 361 392 402 489 504 561 619 643 653 674 676 781 831 878 902 903 909 923 945 948 971
