10
0
5
0
0
0
5
4
0
0
11
10
7
0
0
0
0
0
6
0
0
0
0
0
0
0
11
12
0
5
0
14
0
11
0
10
0
0
0
6
0
0
0
0
10
14
2
5
7
0
10
0
0
0
10
0
10
0
0
0
12
0
0
0
0
14
6
0
0
15
0
8
3
9
13
7
0
0
0
0
0
0
4
0
0
0
3
0
14
8
8
9
0
0
9
0
12
0
0
0
0
0
0
0
0
0
0
0
0
10
0
0
15
0
0
0
0
7
0
16
4
7
0
0
10
0
4
0
10
0
9
7
8
0
0
15
5
0
0
3
0
0
5
13
7
16
6
0
0
0
0
5
0
0
8
10
0
0
0
0
0
0
0
8
0
0
0
0
10
12
0
0
0
0
0
8
3
0
0
11
0
6
0
0
4
10
0
0
7
0
0
3
0
7
0
10
0
0
10
0
6
0
0
0
0
0
0
0
0
10
10
0
0
0
0
0
8
0
0
0
0
0
8
13
3
12
0
14
0
0
0
10
0
0
0
8
0
0
0
0
5
0
12
10
0
0
11
7
0
0
0
0
10
0
9
0
0
0
10
0
0
0
0
0
0
8
0
8
0
8
10
10
0
9
9
0
5
0
10
0
0
0
0
10
10
14
9
0
9
0
0
0
0
0
0
8
0
5
0
0
5
8
11
0
0
11
0
15
0
13
0
7
0
0
10
0
5
0
9
0
0
10
0
15
0
0
10
0
0
8
10
11
4
0
0
0
10
10
0
0
13
16
0
0
0
8
0
13
0
0
0
0
0
10
10
0
0
0
0
0
0
0
0
10
0
0
13
0
0
10
0
0
10
0
0
0
9
2
6
5
0
0
0
0
9
0
6
0
12
5
