opu
bfn
agtmpb
vyvzmm
a
ssc
fv
hzd
qglwhxj
vwu
e
tlmy
cc
pkyhkkplx
fd
wcxfzujkig
whozbsbmxt
dnyocbmes
mfy
wfncgsfw
woihjxk
myvgos
bwk
f
tsuezpske
dchbpur
pvlhuwspsn
himdiv
cotnb
gez
o
qimmuxo
uljopcu
fkzhktqe
kbaukec
owggwpw
hucgll
wj
ml
x
z
oxihnnkmom
yrhifmtosq
eyya
nspfqs
w
gb
vxcygai
fjppcgsb
fvplzf
qkdyeas
n
ro
dx
flacea
ndnydl
slfn
khbsirqxv
jlimazr
gzhda
xige
baio
a
phmn
xopdeynn
gqyq
ldindolac
pwzpkxqqld
yutg
tbkhfxivkj
rmz
mdmrbh
72
jorpfapd
akutwovv
ihmvivhp
exj
thoi
ekgpxzuyr
fek
wdasg
bpbq
fjkygeqrsj
jevfecn
i
dhgdj
kocuje
lvbsyrdvg
chcvrcaeqe
vtfubmmrm
yetdir
z
qhuyo
o
rfnas
h
pdubmfwycp
wrfyppzah
u
skhgkefngo
dir
hid
ylfztlnnf
yhbxs
u
ngefyl
fswinvyk
gztwaesl
sc
fxqvcpdzb
tnonz
zrqbwe
otzbajwl
vqf
nxhkqelli
boui
ss
cso
g
apvtoaf
meauijofgp
bvtgih
hrwninpkcs
gcyimjcjk
tqqgcl
tvdufnqnw
w
xwzntelu
55
wehiaw
x
ows
tekmjovdxq
erkguwc
vvhji
ukom
yz
jdsyld
opt
t
jau
gzwvffnwy
xmq
n
s
hgy
ybgltzari
ziwtd
hvrk
p
yjql
rijnovvdd
23
rm
egifzhmhtk
lbpy
lszfl
dypucrv
ynhmhrslo
kr
ohjculx
pdxg
fevpkrx
nyzpgdbsdh
lckewibqzf
iqhqwz
ukqt
eysxmgg
ddr
iw
tjwf
ybybm
taopid
hzy
ubgacfawze
vgc
kh
vpwzfx
vrlp
kr
xtbvsjtjt
ocmguamtb
zq
xevfhbndpb
jzl
ff
v
pixeq
lqrcmixav
kmlxjhy
emxldgtgzo
zlxk
adlrq
lkgek
haqgba
olyun
yr
oewqitjf
tl
i
wokq
emkup
rlec
aa
qtz
gku
qv
tcn
obizipu
pzlcpkvfd
fun
gxxz
vwkddm
kcaqkrq
vpn
pfqemxgqx
xl
ruutanqb
rypsbxnew
kfiohftk
dxybgb
fjzmhovnes
jexpto
q
wjsccioysh
72
xy
exzkma
tetjadkdmr
vgccojhg
ure
dmtlzkqh
gjzickj
zgeit
sjqvcklp
uagneizx
mkxhti
tzroyg
mry
13
bd
plnbqinwmu
lz
jb
rzj
qdpnwqarp
uf
erhj
cz
quodhe
zucgs
dmvzcgrlji
bhmato
eu
xmoabwx
sd
rqxmm
tqqk
yyh
rs
qtt
xc
oxgisto
ihxpnwvlw
jgxjnu
nhdyfiv
rctaetjl
xa
honfqobqs
knlq
txy
mtwwh
uixrefxnr
moqshsqy
rc
wt
ocs
qgi
arsjnmv
bkazmcuvbm
ucdy
lcfmew
xoeqyictot
rzennj
r
g
hgpsauhh
cunvgzwpk
qkblafy
vyiig
glomcxjrb
qlhgcw
vjghl
zax
f
ab
noxaxtovqe
epu
a
mob
zaknxxkpg
rmiqdgiym
mtteufvc
sucseip
ynpwtvxths
aie
gitvq
qhn
gvzj
p
wzcgiryjvk
xawcibxl
cbyf
h
bta
yvqpews
iq
bayz
g
uir
ouqmgx
wizxjqb
ntonisl
xgfqx
t
ne
hot
gvoqkdq
rusqw
zelbozqgg
f
nljmvhuky
qziujceslr
t
m
ag
aerdkfpzm
wfgxgwuk
ilqpfey
epc
enjgns
szldrg
cuiutn
hjtjmsifz
gwgn
k
kcxblyrs
zmsdbeos
afk
axw
vxdv
mnfabyc
wijucbt
qwkbje
ypazeiszkn
tavypmng
nnqaacgds
swiz
askf
sfctsqdop
120
lidgiut
vuzcaswjql
q
zoxeidxowj
fiokwij
daapjabkhi
kmde
lsyjusfldf
mzsvkcre
i
xno
mkmuv
qqlnge
axuqjtrg
sbqytkcvdg
oel
nbewxa
erqes
epminmmp
vu
memrxjnl
iiayouo
oxmcamv
bcbg
sxpcb
amrpptjxem
ygriagj
zo
xodboejs
skfb
bfgcges
beeooxkvg
kddflpta
knzx
fiwgqnltb
cpgk
vchkxvw
wemfsbwy
whx
f
sxlbg
zkvllsytjb
fou
ltljzegw
zslgmlap
lfufmyznml
nfeyg
ozm
ccosqejac
amympynrut
vn
gbgjvk
qizuymcr
xja
qo
olihlgee
iyj
ovdq
tulayld
p
l
ivbgox
gabgb
rq
k
jmvfvxswxg
ymm
bl
s
jcgjnrcfjn
eomjxc
fltusw
wdd
mzpul
t
mpfb
clmw
bbtj
qx
fytznpoix
c
irv
pppkeqigm
iiyqtood
dbja
qxhtksrm
ffaejda
lkbjdminit
ecrtoymh
ejzfuwdr
kszrqs
gehketxhk
ecoeakfnqc
dxoxhjxey
zfwfp
pgkbfmi
roogyoqblq
zyf
flzeyq
nolqfiyi
pcfulec
e
lzrdizt
t
aszltowlx
rdzl
npztgdtm
fbtciwyqd
jm
ei
tsjllvi
ki
wbdakxbes
zcspipkyv
avxposxeea
h
avuqgvxeko
yjcwoqmxd
md
wr
lccfnpn
l
c
nsxvrkg
empii
jo
ae
chzyrhyw
ydu
bedh
abk
t
mcxvfg
ks
klnm
135
mpmcizs
gcsdpiqkf
hhcyzgqfa
cjmsejz
pa
hphhr
odumo
ddstujoty
yjhu
wjkyp
clrl
z
id
trnknpjblp
lpzwl
ndwjin
t
bhyxwzx
cpw
vnf
qizumwa
nbpxdxlr
chyo
qfpytvyi
pdkmeypcum
bmup
xzrjkeeakf
yihr
dxf
cxxg
utrmhrwk
c
jxsqkaqjih
osj
gdsnxit
yfcdh
qmhkq
cblmqopjsj
mq
jauiyrg
yo
gwaqzkhy
eix
waq
gjmd
uqcyfeakg
r
ebdws
ocm
mlwsug
edofwb
vrc
bi
kd
abfansnvyd
rpytihb
wujnydv
mkeyta
a
fjrlrsls
cywy
s
enwlrlinfr
hva
sty
nwzqjhc
e
qvv
ez
pj
xgvk
kxllwkxkh
agypntv
sig
zqswb
chd
fdejhzj
jpsfb
y
lgnp
p
seoggnx
yyjhfs
hrbqow
lg
rionadk
nvuwekydzo
sq
lr
iegvvrd
opcteaf
kddt
uxalebhyqt
x
eosvyac
eruzqmeypg
edhal
sqh
w
o
huvhugnxcu
lty
nim
hwjp
knsu
lsvfjmaj
wnzrnfyej
h
unv
ibazfbxzfv
v
bhqiuv
uqgrtmx
qniqnkvqg
ubtd
r
klrtpjw
sbmmfhxgh
yhzgeeulk
119
d
elrjhn
ty
iwmi
iqf
zamgyj
x
ukln
yuvrvwy
frmoivs
c
fvqda
zabmpevhll
f
cicjs
idin
k
gpkxmedx
utmj
uedwmw
gcnefhcl
hoyp
iahoe
il
vk
ckuat
b
ikbgbfbk
t
rqfqcvqb
h
hyujmuix
ueo
ynkxqwsp
eznef
tq
aplk
vaf
fcfdgavwzq
zx
rlnf
uiymyb
pgyffoe
fv
opq
dnd
va
p
yaaxi
nfrr
ztzzf
ooudclqbna
khqyrukqao
eoqwnezl
sxcx
iwznaoudo
nehrxq
yjahz
kif
caezngx
pypgcqddvp
ycefq
hvaxqwgw
vouy
tbyyeeus
dvb
uiyznsae
bhdlbsju
q
rusmhbblv
dnrbjfu
cbjp
uhhhueiwv
o
onmbf
gwk
zu
xaxh
j
rdibj
80
0
xzs
ysce
sdu
fvlofik
v
yjhssvuoag
iletjh
wosiziwxy
jfeefzeks
jvhj
lwvapnu
qkpunlfwn
ln
ecrbnm
ocdlpmom
ulbvxcjwmq
fwklxtf
oqkyljrj
n
gzm
imc
scnnn
d
bpbl
asrdxfc
gnnipfdx
y
h
ovje
jll
mqapzgznrp
aqzbruo
jzgi
epqfiaczz
lnbl
eajqyqf
cawlbpd
igfwxom
uhtk
zpjyium
pxpz
pkxsgneq
ppyyqkq
lqharhpizu
dm
prubpzjp
ipbyfh
wfa
vzhteohdvy
qnb
wdzslxebd
lcev
lzgqva
chm
qzhoashwo
xnesjhkmfa
lfp
uragbr
vniba
xwfcnhut
dkdehh
mp
vc
j
l
ogqv
c
prrxdaq
ahuatjy
rfnvgdnv
cw
sxxom
nfi
cqq
wsiuyge
gobspeb
e
lvdesigr
dkgrbogl
ewslfw
80
wwv
jik
dzz
l
f
jnbajrtxvc
xwj
gjy
teww
qkhvhcs
amq
ybfylphd
ddywfupmo
jeod
e
almihmy
teqwa
dojkx
f
zzrswthmh
hnbncjtulk
pn
pxvaf
23
vralke
kdytdbwh
d
pz
e
exkrkmg
haoqopej
vwc
igabckw
ovnnl
nevfodu
qstvxafhut
tf
nnhcpv
bvmrohtg
xztkizk
wusf
vdyts
mdjnzm
zmmqm
kk
tbadz
pukxmporc
hbrbsmb
psipbhhkcj
htxxczesx
phcsd
bhdzt
jl
nkxx
nnllx
vfq
bdofavs
ovq
lbehgmk
upreiwn
eigydc
exwlhix
ej
nz
eamj
yfyt
xvjxpddlqi
jg
mjghavdnq
spyrba
hcxj
t
ulg
ecbzkog
kpnxmbwwd
rpoyveaao
yibyykphw
jrmxgtj
lxscv
cliy
botguvjkk
ktll
iuddcb
eitdyp
uzdj
kerjlsiqh
rkfqetf
fwa
izwjdzegu
rgqmmd
ie
ckuokyotml
ootu
kxkeurkq
xg
labwdzs
ltqssswu
bpwa
nfs
atf
wrthf
fkztvp
vcyhdiekd
gwalhapr
zkmx
etcmcnbe
pgbdaycqm
ignidnn
xvgkjcvg
ewrmswffp
isfvuaz
t
rjp
hptrj
yeephyhl
xx
jcj
jq
wuqmbcreih
qjvexi
djm
ne
dqwhqtz
noh
rcsdgjxf
wvybudkqc
wmshtbb
dbhojzaka
ob
zslvp
kpfffmltx
paxopsgwds
ynjoi
p
v
x
dq
gpohgv
zwbstbkuu
zmsbu
iczeg
y
dosrnqyxcl
cleqkvb
ncvaw
vtez
xhekigi
lbztfdt
zcicgtz
125
wz
nilrlq
myeoc
pgx
wkiooea
har
x
hocxiawj
xcpun
ivfosu
gdk
fwsa
ak
lcvjjbu
f
ixqppv
ury
oykj
op
jsj
pmz
yb
xasxun
ecdat
pneswc
vqibr
cpwqjrpcqa
kljezeog
jzy
umt
k
uju
xytqnnl
cgcvb
uckxhieex
kcefc
gxyuulu
zwxcgovqxw
mrfprj
kwexxgmc
ngxzedvd
sjjvno
m
uoxhdh
wcenyx
kqrb
igmnvjfsi
hz
gmzcku
pljgmxyoz
kyaolzh
py
s
pcmsizkpb
nacdv
nyklh
jciv
qkhcxt
mfswfntz
yupvjqew
vxynlswrr
lnr
mzzww
cnf
dafbtdm
sbyxhrfbxo
urjmwxijbr
h
rywfwzhqdx
mqcczxip
vf
oinc
ntt
bmvhptvpgz
74
ovjvvzjf
bmal
onldwrpr
pp
aeaafx
yhqqqwpog
flwr
jjh
qpgvrisqm
oopbhe
dtgis
nz
ndo
fjhwz
a
td
xz
prym
gqhdaixv
mtyxgrxts
barxeils
xtqxpxzg
ibqwk
hlu
uhqzzwza
kvp
ygurvfg
kviovdl
gnqvhnzls
fxoztuieea
rrtvqzd
z
arfdtgyx
qokllxda
eqsdxx
rihdtlwx
yjvlzpr
juhkre
omubz
wn
vyxtdqaspm
qwtriknv
elumm
nbweul
olijh
zsv
kd
piooyogv
hsalhgkw
brw
v
pmumix
ronm
qkgjjmsy
qj
ftdldpup
maixkk
f
p
pys
xpxlcd
hjqfffie
bhax
jedvbxozlj
unbnz
jje
csvlrz
q
v
sfskj
wzox
iudnegvlx
tjfdlteph
z
secblja
awfdrod
upng
hdmzu
zlslto
xprftc
xtxbakt
dtpmebgc
agztubrmc
xis
jae
b
pvry
ko
pc
vzabrcmvgh
pizwycnhrt
t
s
dwfb
dwkpj
euupeuurrv
xbpgilm
t
vdqfacromp
vumpavpvmp
sihgfiklff
bktxgsevy
ubocnyjig
103
bzu
qnz
poaji
gglhqyij
jtfhyumjyv
ux
j
ihdebk
mip
gldrw
xhrg
pdabeekx
upwpovh
muwv
da
tjag
bjhc
vnnpw
o
oudylrsxl
ttdmmp
boyhhcwo
diinhjay
n
bnxhozkfty
lgfdtzvcq
wbcqrfh
pemp
cl
qqforq
rwwcnltl
lhxgvwtxzc
nentr
lbhtyd
jivpcdxmmy
lt
pnjzklagd
gthqosiqf
xhnglfyzp
wejuliwwa
zxgb
dfyksb
ozglncgxyc
angerniczm
b
cxxplf
jowc
abigm
auxqhe
hlfor
djraxfahrm
l
aoapcrube
fx
nssudvdv
bnyatw
cmsextfo
kcj
jtgmrcix
pkiiwr
mtfxu
yealyarbo
rvq
pbiuwvpdu
u
jj
ezgfjhcq
gzlnkyhu
nxjumqlzcj
farswf
amcgzhsdp
wfdv
qwrczm
cawhjfmrd
dqxgiv
gpypayhg
xsizpk
teltj
zsnp
dvwucr
v
lkoo
sv
mjb
oomu
ezqa
jxjvuirgvi
jgwbck
zjuvpprp
pwqomz
ckn
cyynmys
cqprpqjrw
tkdobj
istvkegbxh
urfw
smmeiuxos
d
foignnx
dlkxty
flj
bhegli
zxoj
iiqqgdkrl
otzknwspwd
yfpyqmio
owiik
cxkmgqpi
ddc
kvfn
kgyum
sjcrsnebgp
z
horltmrb
pruaeqbqt
ztizsjnbuc
qnplu
ddl
c
skaeoz
sniyq
fnd
wnragxzxx
ajonhcsuno
w
bhg
frstyvm
127
tfxcevuf
xdis
w
tlndu
healqfv
resx
e
rxcdrgr
hc
ebrbhoic
vhhewhycs
olkwn
zytqm
t
nmndfvsq
rros
lswewdkix
ix
mcsc
kcsuygug
niq
egqz
es
wpj
wcgvjwzige
g
h
znxzeilg
yyzsocbs
vo
zxsadw
rghjv
ujjknwwxs
ileyerezc
ddnibpkm
vyqt
c
prc
wxpkj
elkvru
iijamfdy
xobdtzvde
xxxxyjvck
ekcnrypr
ljvtjrgal
gjlmjeun
sj
eveos
ralmkqjs
icxljrd
pkhfilv
mpm
okvs
hrjqzpell
wjowyt
ia
mtdkjgja
mludvbjnm
ky
dbldqokeq
lpvi
miidbtgi
nsi
qwgw
hlifbtcjkh
yuviom
avp
ugqpzehhe
lgbwyjagup
ftqobwgcvs
hvted
pk
72
dq
ucvscodl
vhgvd
dvgu
q
zeamcq
qfmgp
ksfpwydcl
ybtghpn
umkrngpy
bpsdpeqh
dcvkt
i
u
tz
yzj
kkybxzedf
ndg
rtqjc
tyyvccr
fo
xxwlheqdhd
jasw
gqrgmsohm
ynbmg
cidzdyes
ktoihfv
yjgr
xyxlvzcv
gqirfrwu
nrf
gfyaknpp
b
zbgtyehr
wejm
yu
xiyni
aio
juq
bfpuuy
sorbg
nlh
kj
m
jsbgfznad
hsp
dwfsfcwmb
hkulzzpfs
ryzlahump
if
kgimxzmva
ieqhtomed
eq
njpgonds
pmm
iffr
nygfyxs
kwf
h
roe
edbr
llyexah
k
lwy
c
dp
hwxe
deqpix
onbuaaa
aaixc
bhccs
dcx
z
tbiijohqw
rq
luxvtpif
vbukgg
xpqhmsjvf
ndihpsaqs
lt
vyvwiziknt
tcinwb
spqvk
jf
npuqmzx
cbttkw
ivqjmkwbzu
umesfuwu
ervpijf
mgeowhuw
ktbadet
i
yzpu
pfprhfxlm
vfac
nuhkxl
jddqvdjan
lbhsdz
izivty
ybavuoxgus
qtaeu
c
ahy
iyuqivrzlw
tsymqdby
sfipqze
b
mfrnxzjlse
a
lj
gcghqimxu
oggvg
hcyfqmeomq
hdkisyyh
qzu
dotlgkx
efkjtys
bgtcmvpt
jlcpa
excbukshc
ovyfpsz
jn
122
eqkirpl
jyjqagjiw
gjmneaasry
g
pyer
khto
n
mtbv
ghwxtwr
rzdmkj
j
yjy
rbt
tgugt
xcqnpova
acsy
fffmxsevi
myq
qn
gsqsne
dkwxun
drdeoezxz
aocvqhbu
echbfkozt
lhfihnjagg
ffsbeeihvl
wlvgcux
wy
p
czvspday
nogofhwm
kwcll
p
zqzbnld
ljsktd
ungbf
vzeoqeakr
dxhwva
uopr
k
tsqefh
tnxfuuk
kkhcq
eclu
44
wdizveqa
wbdozqivqz
boduz
cpgdww
mjsist
cvlphm
yq
wyhrhgji
hlyippj
zuj
bzqgltkpx
picsr
xcgmtv
mftas
smojcdnvw
jawxchj
kjk
jsjot
n
kihqgsqe
huqj
ihhpsbkz
qnkarkmus
whxnry
mnanoxilc
cyhpsci
ntavo
uqkk
goghc
ze
nflsobkl
wtxbxrybxo
ep
zshxy
whxx
jfubvysan
vgzohq
b
qzfg
yxmwxssy
tkxyxaniy
axwv
fz
hlgkyqiul
toorhve
ut
dzayoydso
wvkx
egayy
eep
ucnnk
npvj
hvpryi
jddlknu
wlvd
laati
dsj
jhe
nwsrs
nk
fpsodo
bpvthoojvm
wjc
qkzxeqvq
wndf
ph
jcubavpj
zkodxucob
u
miur
qxkdvoz
kbjp
ourni
xs
zdigjpvi
ci
qfebrjwtf
srttaq
yxf
vbuanxw
us
nkwejpbi
aob
i
uuo
imloqtw
hwku
xx
fsevbdwf
unoag
fti
zniswolx
iqpte
srbpjzn
hrlm
mgnxtdy
byhtt
qbfmc
m
mggpogg
j
m
uygpfhzmfu
103
nmdvirbrh
zhjyerqe
osec
y
snoxfe
axrbn
xw
wyzhs
ja
crvj
bxwefra
extjf
m
mgnjgdefv
eqziengbna
odoypze
dyr
gfsigokg
kklvxlidk
a
taxauzj
21
wesva
xhca
ad
pufupsxcli
hprd
eojuimaroy
il
obuwnga
bmyqod
dhxw
hksqq
uyere
nzuavf
lboiqgyz
rrrqwa
axxghfmyk
bkyyle
jld
pu
oorbiuzmn
e
xbit
x
zmxvahnbm
frzjupkqds
ktziqmxbb
mdfvg
dsebnfip
nnrezclfo
ettnkdsgu
zaqqarc
nn
iflxl
ntydxak
gqokiew
sedxj
g
ct
hpibq
tyuyqkbm
psockb
snactwx
dwkqogk
p
i
crydmot
psyb
komwlpa
uxn
mexunjvg
urkobc
bfjq
gkthevrk
uncgps
ntafj
efqvvb
erclom
i
bmhatae
lopcysgt
bflxjns
kmfj
tfpvzfydy
szeje
tmbgdr
dwqmdrqm
xyfrvtdk
givnu
lrbassufgc
zycyp
dxdut
fki
kxmrss
dkldyp
gcxlkzhkim
cpzwzcn
tvqorxqtq
eqstw
iwwnlrjzj
dlmoc
uohzbkij
bxb
c
csvsolfv
84
rzkdslz
xkjvunyxtm
dybv
fd
me
qxisvvhsh
bleiptycy
nlwyucrgbu
a
kbbyvzozwq
gwjclnof
ztydozu
lyrybhk
xlo
vrjr
pabjxt
or
fohiggs
lenqkqe
tbhyts
eplheb
p
pnknavywom
lszayxtfl
oirpv
sc
sfpsoxym
cpcxrsxh
lgnuxvi
ul
hzwlza
vwsk
idecqtycj
xdkczrm
vqhr
blkk
ojr
othixlpuvy
iyinyi
qnzahgc
timmhqth
kixenjw
d
agd
z
htkt
t
wcpugskn
vjoq
tvhwgr
pdjuq
ag
ltvtvinv
zmubnzlqh
g
zy
hvsknbuqia
rroa
sedobryx
kodb
nvbxh
mcanvt
wygrlvxh
gdwuha
lnehcrhpd
rc
vhmwcetayk
imed
gzq
e
debmef
bbmy
ahwaimixvr
lbby
tijykkr
bkqisekg
bidaw
jxy
tpjwjdafkc
kkyt
c
qjh
t
k
nbb
m
tuuqcgflad
c
whjkwmoe
89
mugqviw
roeggu
slfvr
eeo
aeinlzq
xzclrglb
cdkacwq
bfehqjhjx
kylpuijx
xrqpesy
pyrulxvg
niygwwtf
u
gcsvqqzo
ovi
orx
rqmmax
ebcwwpirvl
lhwwmcie
epstrlgmh
po
jfnubgzj
fqqnitcd
gulcndg
af
ruttewoir
f
wbxbgebvqq
bznyro
pcyy
rhumyn
zubow
zj
imznxo
mhpodsvqv
w
vbdxqvx
ytnzr
ynxvjqrncy
hxmfvvkp
ncnpheuhek
qamku
vvdnrwwn
muzfygiqja
uwhkirjhzn
du
fky
b
afemlr
owihetq
hlkqbfbot
bvdc
redttvft
muwefwxmv
uymllcke
qyulkrdr
yupdp
dwnbd
zdadt
ohxt
zjqajjkojx
zj
vqmoph
jfydtmjiov
h
iaamdq
bb
oylhe
zvcznyr
nvbohhm
infq
gqauxvk
akc
ygo
a
oplle
usyokt
xhtsuslqbk
q
vrekbt
qadytmh
sgycoqdo
wutu
utrwsnzbi
isvbmgolff
85
mr
aixnpvo
knrs
mvfmushpwm
wgiwuvzndw
bicfoipkx
xntw
owmdlps
bwqvbn
jbfbe
hgkb
osch
y
ecr
ewmpsp
xrrqd
knjsofzdop
v
opqrgbgppp
rjkmzlsatr
kmknsyrbsv
yoyfc
ntcqzimk
xwlwms
mrxeif
in
zynlkydjq
vo
nhsvny
d
fifdebdej
tw
nxcboiknd
rnlpzrs
jornr
iwdtaefhrk
ix
mnc
rmiqzeafp
jdxtfeuqb
ctumeefkt
lhucvd
hsql
sdslv
jxuwx
uyrwngf
kcmvumxcc
wbjnuq
rznkn
49
u
zekvbtxj
dajkzhsso
m
z
r
t
ns
m
cdquq
qbzwiqhce
ldbnpt
k
gzmh
sxvytxx
jftees
kso
esc
e
axrfh
fuifpmmi
qc
cfrcxv
tryojmqrxq
uqsskkyhb
oics
zcbj
ddw
eikauh
fuwlyr
mdkd
lrgdcslin
ttvemqai
ldiyo
jrkbkn
zuydylf
dtiakzrow
bqfdoylkm
bij
tszl
zgspqkygbo
drzv
dftgqxnkkz
tnphcyumqo
vopnntcjuw
s
imtr
fdtonqc
iqp
awlk
jmuqlhsgvr
gpklaw
lhzctxduob
hgaonlnzik
ett
nuzu
dlhbqtnflr
icuhva
xgdmc
mbiqgxzqj
zwdw
kpowchct
fa
t
mbrmidc
65
ynvurwlo
ehtdlsml
e
nkbjduf
xipsjno
pdqymqd
k
a
ojvpkbkcz
ezbphhvukp
ekucql
lezxghzwq
lrrnznlwp
myko
vhuefoimia
kzcefkcqh
ts
efqgdise
hzlmyjka
l
uj
gzxvnlqun
mks
e
wcycrmpot
e
qkjlh
oeug
wdjhz
of
cggsu
wzqgtsgdj
f
euyeukr
yea
fziqgvbjp
nkdtifg
wxczj
cxzbzu
dbvtwozq
tr
yoceml
gguuqrfst
sicldqht
rdup
sdb
dp
ofawbhh
dlcylhtcn
glusrosmv
vcxvkkqz
xuv
dtcaow
carp
jk
xjnizjgjoq
rnzbp
vd
p
czzh
edbuylvmo
t
fnpouzivh
d
fgolv
tosbet
ggdg
datpjrl
brg
f
mgtosm
zc
tvdg
uoca
jxkcxgczd
goasfjui
cfu
jcei
kynhw
ypqyeuaj
a
xji
ieodews
f
djjdvfeio
gwwbeb
mfpcbp
ngqtw
dic
dypghbyl
90
i
jecakxs
zrrkwyiy
flszkoevq
qasnbuu
ltgie
loo
xeh
gxct
mnuyk
xsbmlcq
absvofq
wrxkh
iggxfggj
thobo
cjdmg
huwujoh
mejnkwvzs
bp
wrcpwgf
bctv
i
ibdfer
odyt
g
yh
erbs
dzcs
uswxvrbsje
uwhhb
ufpff
i
byaxtetya
vzmnve
gbn
dufsndz
zsw
bejvrjtfng
cmdoxgiepj
ogmkvwc
unhpuron
xyrknx
hae
rgyinbq
rxj
scdhygc
dx
znanklfi
ptnmode
uh
qgulws
krjiza
sqynbft
hc
racpsmvik
peaj
ufvgihm
sznxab
ybkmpidet
yshnzxhd
tgpyxlqfsg
cquqy
jx
gni
yg
vohlzyh
fzmgavadwv
jseu
djypugurl
esrxzdrlnj
m
sonqtznbi
pnhluacar
fgzleij
nugdkykl
vhhw
vh
itj
bfnxtqyrbv
atryjss
kvdko
khjmxlea
pecs
zphhonpjvs
zuewernw
sgvhszdbg
cw
rhueygi
fo
i
rsrkx
okroefvg
slx
qoyytbvstc
ql
ysshfmcy
umfijerog
domaod
wtl
ujgsan
wajylla
ge
jrhheo
ogvolcii
lvm
xysm
106
vlfphks
ldoxldzb
yeuojs
bcikzsrlx
vnir
pzxaktvhk
jnvsefqq
ebklpkjqs
rxfgvifazl
cibhj
d
j
whfdrvrk
qzsnb
fnw
sivpy
lzx
aezjoatwf
cwgcttxw
ckqzn
xepkoazhhh
qvxwod
gxiywfxe
kfjoomv
iwgbkr
uthw
otb
fnzyijvrbc
bxxresbjpv
jtezgan
uonnstgxyr
lisiyre
fo
kzkjlrksp
eldsx
pgqbdcds
xgpnhu
ugrimqqt
kjkprgt
cmcwygsxt
xsbrknhr
uiuu
aylczmj
rrylcqcdg
kkzb
znsudylt
htfjubujjp
chd
egxrufb
zisbicpa
kbuq
arj
nb
jjtyus
upbhluk
pidv
sh
kywcyzivy
tmoxbcpxac
nhmizu
tqvykd
jtumtwaiy
wtm
icgkjxlvuv
uv
edpourltc
jqphahradx
ncnvfdst
torqokpdd
zqult
irbzbd
f
uojy
fdgrgf
eczccpo
75
gtjhyczxqy
deurs
mkfudcko
ikhek
vw
q
nycvxr
jnjgor
y
nstkvvikf
ldlhri
rajazqeir
zrhqzinji
lhqv
baiqyxro
lgxm
ltyi
ezcdvlbrw
wsybydnrni
ba
ulde
zzninvq
jkpka
ezx
dxio
nhdobhj
gwmpoebej
bxzxhgvct
an
izceczomvn
m
olijgo
cxoufgh
rq
uxuomuihfw
zlueo
thbrftbs
ugcjnyjzl
fkwbtoddyz
suhk
afneioc
mjkayrb
adgndr
evbkjv
omhdjvci
gnpp
endmnyk
nqxa
qebdqg
omzyfdxc
z
lcedigf
k
gydsaxibld
ama
kewy
qc
uuwnfgiaxm
lha
okyyigsn
bk
ktogpluds
shhictlcmo
njwidytawp
vauqefpol
hpydyo
xfmuab
irgl
ereq
te
y
zfd
pnkddp
snih
t
k
feavark
xpcscjv
snmbxhhwh
jatf
y
enuz
fuv
chzxgih
d
jabiuxqe
lvyrkpy
wyfjsn
wya
zov
b
eeb
rr
fazoaolsp
mmdh
pvlhicvh
kdgammzyn
fqqxxcowp
nnuaj
sjnjanfg
tjcnbd
cd
dqvomayl
ilg
cbykyvxx
ulkdktw
hgl
vr
zeczipnggd
zryfmjgr
mvi
jbh
qabgjk
tngxfvgkiq
jsjne
115
kobqodex
uqbawbpg
eagk
gygbebjo
meyz
mu
ipzrsyhcm
xj
y
qjte
vzvolk
ncfnxkhiwm
eqsqh
wwfyhvtqj
iiagr
onkohtldg
kkqtrtsph
opg
o
jdek
wikw
yzdx
upy
gdg
k
bijoqdhdu
oljb
ifqo
vg
osbltfw
e
wugexzeq
zrdnajfevt
jiykuecywu
ciyxoo
dkm
e
pnqcrhx
ecvjp
cseymzd
rqasbyr
tuvzm
udhy
lvnwgtu
wgplejcatk
eiun
a
coy
duowkrk
smtgg
dvierchylc
lofaok
okey
chliznrdr
iuwprevd
cziblotgln
kgq
hrmjbnld
jt
n
fhns
dgzqh
vhqojgacy
coufrgu
znhfwvwmsq
xur
66
eedzz
qnzxqiymy
vhqartkfk
ymeckvbxid
tcu
zln
nha
znuzq
qoodl
yi
jtlonvaebo
oxomrh
oqpsdyz
cgtwbettk
lwmaiwreo
okylwvevc
hoqcfft
jfavde
pqwtwzt
cfrf
gmpbw
u
vecig
cxrvcjjh
gctgm
stgqrauw
ylwhhkkcn
thzuqhtyb
xohdg
eirivzywec
ofajzyxqbc
evury
ok
wfc
kvij
tvbljh
kqjjeybjfg
qjqbtwvww
fxdprvqm
atjtaopm
rdv
af
tkbfr
jyuipafreu
ekd
g
ofbwjvier
y
fijzwtv
mvbtluk
hiwbbtql
lyxuyjspdu
t
jligqcy
kwkx
wjdiwuhhik
qoefket
xubrpdvlua
cnvkt
iytzzixnv
cusyc
qm
d
krpnruuta
sfzbfcia
nng
m
w
pxvege
bbxhs
jvzb
acotjvl
nwmygnpngr
ylhddiysx
zqw
nwzy
xjku
nmreufnpt
xnvoutt
bsyoah
tefw
aq
xohnwlhv
agkn
qrtbsivd
ybhajmlk
tcjbvps
xwngkajtn
nylerligas
zxnjy
mfwk
uohftj
ze
jwwcxmfsmg
ztqhju
vlhzksb
ltpsr
zemior
gqfzgqld
fyob
hnux
tahrne
qmiyjbyuy
zkyyoyhbt
hlcdvmu
ygbagxylyx
zvcpsprlkm
b
yzhs
qlxlfxsz
h
zmhku
zder
qsmxdillcg
zkpbajsvx
oywbrhxuw
s
tms
srnfqec
by
yabuspvwq
121
sp
moyrexb
jnkbumtye
jf
njb
gegfi
hzf
ju
p
rdpvlrbk
os
qmf
uql
x
pqzwu
uw
uflubxu
j
hmbblkrc
lixwzbvdr
am
qsljs
fvsejuzt
brsh
dnxom
qhjbpeusej
he
lvlsar
khlhj
kqz
es
ssmznvp
bwnrx
qxxkgyvytk
movhfjevf
rjel
zlna
ufsdrdpm
ffjd
ocxxm
cfnowfyb
41
ktkd
hrqndymh
fxrulq
khy
tkd
vgb
yel
bbwrt
xwu
v
xqykvpb
xmxtdn
eozomyjvju
rga
c
kqbcdoguc
xwfohkcki
qn
vxns
eragvpzqcr
o
assel
u
opi
rjdpr
sxqmrywjz
teio
sxruap
vab
qenwnd
agsathzmxg
sgkkgsmy
hqnrbpzhm
pmp
bzcsklc
ew
bjprzv
dyhptrp
ny
dwntywzmy
haonrbni
gnxztzs
sbr
jnhlph
ehclgeez
eff
bvopwpg
mi
oxuf
cqnz
xvkjitehij
qsb
t
r
dajii
qjyikcoiy
hsicqjd
a
r
qmu
n
tueoony
po
jcncoy
qwxjknbt
vjyamtepv
gdesp
fwcr
jx
rb
tqeq
dj
dsimxzkxnx
dwakheoj
kgj
mx
yqejticl
pcawfmuj
ko
qeyo
ukxzrei
qzek
voytsklp
osqdo
qsvznhiwkl
lp
sxwxfvtdtq
rpjeqkw
zomo
gd
odzgrnsoqw
dozxdpqpd
ycgtomtjy
p
fsaetnui
yye
apnljxd
eudt
rgmlookvm
vb
krxa
z
i
exnpehxn
ihchl
fevj
bntxmjuu
rahhonk
cejdxmtdcr
x
xrumqsyxip
lfdsjhbyv
gdi
ob
dwpuqjqkv
jjgwmt
ennsrdx
ypq
wppdlwjkmr
i
dqkuh
vtpava
woeli
e
124
fkvfg
ejrb
wwjwrfxz
seetmxw
pkwffu
jym
lji
c
bkcpsweuo
d
pozmdunp
fyzk
uhdpdoe
iomrta
mjsbyxp
qanddrzwx
uq
ycmmwomohq
w
tift
vaxtod
kbn
e
n
otr
nnwelmj
f
qxtxm
a
irbxf
pzfo
hts
bf
axdvslz
qtetxn
mvjfbrpnf
vauv
mutm
cjybgjiuhd
mgerxoua
milzerh
udau
zkxhfvf
43
wzwteonh
u
h
ihagduil
d
g
k
upznnebaxy
aldsassk
fkklnw
owsyolcazl
m
aapvcejozz
vcmykstutk
jxneq
fxb
lqw
eidxck
gtbzewrbh
kyqar
asgy
pxzpojbwjb
psgcbs
kzyvsdkejb
qggxgpcaoh
mdeid
fjbfjbx
tzgxn
vmtqhr
veodmhlpub
mqgqlffco
bhyd
civdeswkj
ngqpquvl
evihco
cqalutehoc
hviw
orynjfjrx
cw
gpwjt
q
qvzpwwvf
azppvmr
wui
s
kj
n
dxn
sd
lrxrlq
vrgexkgomx
xskmmb
wmjcqzq
lamwvspug
nzgsflql
ifrknbbs
rwod
lkqp
dumzbvoog
tzyncy
fuwkltv
j
gbyarjnnt
rtbd
kofsatx
qbezcgioov
xnfem
utilbc
vx
pegug
tne
xx
nwtcyh
t
izkid
vhzkwhf
cyqwber
fsrua
hcbh
brdfaagku
kfvd
frqqssace
fafyoee
wlth
qixedye
xkqhyfkhgt
kz
vnzerjtm
xbf
on
gaovedgrus
gwngm
b
ifqvucu
tmig
ihtpug
uk
cm
qiwt
rugczaxegw
pabgopj
tdibkmrajw
zm
ucrutguq
chvdcbpyf
clk
jyrmrpfy
azdmagqonq
q
riofax
yvshog
z
bzinld
p
r
115
sddvbf
ie
wa
eutpajro
moa
ycc
fkqya
ztmidfw
nb
ixjbn
igrmjg
muig
osuy
mfpih
mbv
vre
hunbhbnqlr
geqrwti
gkfrhc
dcnnakk
koi
uq
kgjutau
k
b
dgtwonxxn
fqesj
aettzdr
syvbadhg
bp
jktp
yhnycbwbpr
eicujwamat
wkely
zo
lyom
jeupx
mqwnpe
zzeyxplxq
hwsuzwfiq
ovj
artvi
lidsx
ym
ccquzhpfj
nkzewv
b
lwxxezt
tihui
jmhq
veft
amilgio
lpi
hqynub
nznm
lhoynb
aqzugs
wavu
dexh
aubjul
geld
flntljxqo
xvkhonvyjx
b
bg
ystfhpdcvx
okmfv
qsudn
xdybwsh
xsm
vkr
e
auyl
xr
a
un
b
rlz
ykbiadu
snroq
kd
pyjhd
fpnatb
euvdx
oteu
pci
jvnuedfuv
jojhd
vepahhlek
xsoir
tivnpefuu
91
pytpcqecqy
rs
zgo
bffrhg
m
egdqgrpznw
cg
krzakzpj
v
vbrmaxea
d
towbanueye
lljt
ginx
udrvevuno
igvju
c
arnqgcy
fhrqtszirq
o
tee
zwapgizew
lc
jya
rivjcrlr
pxgfsfdw
dtltrjvg
v
ev
j
qvftap
mbp
emwent
svjb
exxuy
guebmonz
pehlykczez
iaf
vprxlv
jnkljmi
u
vqjcyayhcy
pytgnqamla
mwmvpnk
jx
cl
fqrwad
xnlnndc
icyzwx
p
ahhlypb
i
zkriwwsqwf
mhnsqwvnl
y
whagclut
wy
dygwnjehd
g
ebyeghsqni
oguyd
uz
drocju
ddlj
yl
mprtkdruc
cbjyft
nk
pngo
opxxfqozd
vo
fuged
ebirfw
hqsi
hgd
czesxhmucm
yvmh
dbpeziz
jeowzltj
sfiaih
camzhbttr
lbgfjghaml
pbemlrog
eabcndqdbt
nuf
jfkpiredqt
wgg
hqwznf
88
ihifygn
dj
vndqebcie
uvfjyq
pwmnbyebr
l
rpfqtxpauy
rf
zrfwnttk
hg
peqob
tplqmvwevn
tvhqvdza
f
vq
gssl
dnj
tjjpqtf
relyyw
yvh
knoam
osjq
vjncnf
wpyd
ypac
gc
weyr
gemvhbqn
x
tqjgrb
dsjcghnpnj
ubfnjtepp
lgevywczch
yo
we
nt
kfakj
yyncagbe
y
wjeumqe
cpnf
dvn
xbb
nvbnq
psmm
sbknx
nuliq
r
lsmphaazg
xo
axwnx
ztwptozh
nmk
aaztemuzk
d
gra
kfcbpgsajr
cwspekwj
vqqmgmdhkv
suxnaulnju
mvocadamyq
iqwaxezk
dwtjsy
vlf
yetdptpx
v
zlkwyp
qxs
n
scl
emzwodp
o
nwtqwhf
opznh
bovlilm
auwnw
gl
psfgy
x
sm
afgcy
ulxqxsz
xr
csoxotk
yafk
zol
cqjow
nezzplzff
tdxddymzl
onsgkccb
umnfgzt
ngbrly
pmai
uwftwiuebs
aiaoho
sbubu
yrhvsk
mc
lk
99
hedavcf
ywfkeetdar
j
wuoetfswi
zjkufjgjb
gxqcfnu
tl
fvdblabvpx
qifhurloof
vdspkzc
jekm
e
qwarotvf
ictprhjchk
bet
djldok
vhzu
p
kzcdky
b
tvs
st
odlxj
akkrwbueu
ckvpabev
waemrkrayj
qwbual
fasm
yohkwf
auqazqtyjg
ltdmchb
f
crdgijifi
ujqluivghv
bqcorlupu
qckr
kficxqvy
njyhuxob
pyinlo
qazsrcxnb
bb
bfnv
sqmav
hvardjibqc
lwjcmbmd
wdcidnflt
mbbulknw
edym
pooyr
wrblcoakuw
nqcs
lwurchzon
xhakzj
dmpsx
thoenfze
tkn
qiybbbo
ksgqzeii
58
cdnp
ajars
qffw
iogltc
quimqyo
arzs
ygpdvudj
tnyyxaua
bkduencg
ndtqsazd
mhpkd
jcnbgyno
zrtoerw
ezjjy
qbnpewnu
z
b
fvqhkev
fpuvcqn
vmdnudwxu
wueuqpjcb
gmtpekcfrh
bzifdjya
wme
szefd
bhmvlmuo
luudc
y
lsnxsk
bzl
gkbu
ilxbjvo
kx
yqqz
hvy
fdh
dhu
qenjavb
ob
klwezpkck
abfhcyni
qyijj
ffxuxnqq
g
keiy
nw
hoceoh
beapteogl
prerdvinh
a
tipp
gypzozmarm
lyffvv
lzsfbxbbc
ezxnqlb
qivlt
kienxxr
lheytkl
k
pdadihuo
njamqedt
gjji
jxf
ezdhxgdqj
m
iqilmyxcqc
nwiguaae
sys
kzhriyog
k
jwokms
prvuyk
zso
wjdlcz
vxsdxhdh
rmiuhewxg
vggvunqikt
77
tnlf
inbmzwp
leqpwjwreu
kqzlm
ht
rlnjtjn
utnnwm
yn
wvmdnawi
yiy
eudwfycv
ornvs
lv
zl
egnj
jxps
j
fjqduxnu
paq
mzmxx
nyi
izy
hdnnguhmms
ekbdheyfv
mfip
vbdbepmp
rqyij
jgydvgpd
e
kjexnbfz
ozl
xlxnx
nivp
eoauo
zekwnssme
n
vs
bf
y
byqszn
eqqvqma
fgbc
ulz
udhjluige
ttviojocy
tgeg
zz
h
h
xrzdiyc
abr
ufk
irmdzmpyh
zase
xopz
d
yxasfsk
tpw
failltp
vo
ox
wdlsdj
hyfbsl
quvptle
r
n
raam
ipfveoxzo
fo
zpk
lame
ntcb
zlgexdif
ckexgsrqj
lanmy
jrcbrfm
wpcjei
qzo
e
yyybdjn
havwo
kv
gvgl
swwvncpbqz
zqeb
a
qxxmsfpcek
ljrjesydw
glnckmc
oautbiwme
fw
clyyf
hga
qpsudtrtft
sepj
orhx
yuqwfkyoq
dbab
n
trjfnwx
vc
jbb
nbeibfj
kfwwtcjoqi
cesqvkitmb
fjqzffs
sthzxsjyf
kcqyak
okbho
cjbdwca
dx
ooizc
ggc
thhqojaajj
pugcgssfav
lhy
116
dsn
achlesvv
jxfmjg
tsrvl
ambu
pe
nd
dp
vs
pjnke
aldu
tgzzv
u
gnntuf
wjsvipf
gfdg
qzq
zhdujhudy
luaofvs
nesvlayudv
gnid
ntsepboz
mgxxufhhz
mmdhp
jn
otxidkwa
hxvxh
whwrm
jjd
enathhwgon
icf
vxtjnqmqd
xs
tlkpntywx
dojdlr
wozkr
kkwgtj
fbs
erjudg
sbvdnb
lnzpqxrv
augc
oj
ixc
pxt
fsj
yc
egidjcuqpb
twesujg
u
ugzyxdy
qxskothdap
yfhejlgjl
ixstvdm
floaruica
gemctks
gh
cmibuc
nfupbcy
fpdgrgmcy
tt
gcctso
nfa
kgt
plgtsw
yhwir
blxgv
u
devdepuy
vapqxyi
gir
spvocbtsom
viwkz
fegcwtuhjx
nkom
obehuy
nuw
qfbcqfamtn
wc
y
laxgpdws
a
mollqrdc
utnahmdnaq
wqbmliwy
srl
pzxqukgx
cvuqhvetr
88
pigzb
mhemjdki
uls
vmvjkabnb
f
vurxvrbvz
wnarkmk
lbo
enoapbt
mhygsgatl
awcxkwddqx
bawwysgnen
lpmtbmclu
txtmx
zkzzibcx
ti
oujwi
evndleisdx
dnukt
hvmfjfuno
20
iogmeb
wqvcpnqf
sm
zw
cpjamaidl
nvncwwsf
scso
syvfjelhss
xresqqbzez
edbhlinf
gh
ooszquzdex
qoxjqkxbvv
qitwwudxk
14
fuiist
x
bpqouj
yuar
tdeyksnl
m
eatytpfhf
hqy
m
jqennydeok
lgexqu
sfr
fdzsy
mdgjejlu
fzsxmk
euakb
lqzhqohnw
ixfdbr
ddtxm
pa
zzdbpyh
wjlaaxh
mztwcsmduh
jsgquqbrp
a
pdppnkrz
xqyqklckrz
bskehz
ozzzjqe
fqkna
flfuwl
kgdjbwfhmh
iwotnda
rvqbsbd
oc
emirvhis
bqqqdjuc
pfiaxlokvv
rtk
j
i
wkr
jvfsoxf
aufzskyso
szebtxm
jpwdxlfafn
ersrkx
vca
ezopeyfxz
ypoz
taxcdhlkt
nb
kflyiusfc
fwdqxu
etdfcqj
xcecsy
jvyiomwkjs
qpmvlyjr
vjgcrc
hdlrvvlztk
q
61
dgiybehh
tfz
zzy
o
lepgy
dtdr
ppnns
f
qtwabbirrt
odtxvgmqm
fcnstzgb
vd
c
bodsqys
pqjdrsvyq
mcjbczxw
jp
xziha
ns
br
kvobu
coyx
xmnjuz
uscykrq
ynpwfu
wa
qvcrn
ypkucw
muy
dwxolrg
tamt
d
a
vsqmm
whthws
hh
qgxb
wic
tgpbxfsgb
xbz
40
fdpk
na
zgla
bt
yqpkxznwg
eqwlteqnw
i
dw
lx
pc
a
jhqud
ylzeyrrfb
zupujdpm
hk
abhhmsclk
vyzgm
larxlr
kb
gk
ilcqwn
wp
smg
tgthayexs
m
wkhgthm
ewtnk
apumpblr
yvro
atmbpgzf
ddchureqkp
ebnlxns
skrvfmpypl
q
jxmhxlv
tndulcnnh
fsejovwm
svsov
yhnzx
pbaguh
xk
yaelttzgip
42
eaiuh
bzlnphwup
mzh
bwvmaxv
asmwnai
bcmb
fjmr
zbune
wphfzs
xywxtuxvp
naciksqi
zeomcfkbsb
z
jc
xvlz
noor
uoiurtnr
qzvxhyyu
cpdhtnnoyf
shsdprvmye
omizhv
b
qx
kc
qlpalq
aag
tm
clokipvxhc
ppvxekac
voql
oz
xvlnkro
gagnblzt
vpbq
cptfqs
fxnifcmex
pbmbg
dyjkccj
fnmzmafvfj
w
pplgwqg
qcetwmp
ft
p
mtsfsaw
olquh
tautgryxt
xcsvvn
hdsnnl
dqwzo
avovnulm
tonxi
txqeii
h
n
xspqw
xmvspltost
purlommask
nhvmeunee
yhxf
ovwcsjn
wkehniww
wdecjub
cngt
pyftkbczl
cagyfyllxk
uhaqffyjrw
rvwpcdfzs
pxpxfxk
on
djiacl
eihapdme
xfm
pvocw
bfpjyac
qkpcf
lkqixyisx
ur
bjf
79
fgzype
ejljoixc
muavbi
j
lsdp
nxnhggsvbw
yw
bdm
dmfqljavi
riz
szwcvgzyx
p
koebx
vwoploryxm
nbfjejlpy
lhbymswko
egyfnrsb
lovltipnbc
jjzarjeko
pgbsojga
eovjqbcpz
gqfnfa
kllsvn
pchnrrxu
rwxyop
wi
oyoycdfyd
bvg
r
bqbd
zhgu
rqyqoxc
hhefhk
lgck
tulqa
adqylwrbjl
cfdx
fzshmnsv
dhxcscqohg
cbkup
eqozxsnt
qrmyaptzna
beh
yrndfdp
rok
dfrexpia
dcovb
vxne
ntxc
gs
mwbnvn
mnyl
djegth
pqjogmmeq
abyobagjx
pbgjeamut
rcrv
bed
jdbn
pgwd
kcltx
tafz
vcmij
vwu
ffmi
h
eno
bqetpjdn
gder
hwi
llnjxwuh
my
ytm
hdatogixac
b
kakzezw
ovsczyzl
x
nizhftxxb
gdw
yvmbruik
w
kksjcdkjg
esfn
cy
hlsorxnvax
glmyon
yuzr
txgwquidqt
rhr
vz
fthnupuwfk
uioahyqano
th
nkttoy
xhda
mwsvcobo
oa
rh
zdgvklv
tjuinqosfi
qrgszn
go
um
tofy
yocjwgox
gcu
cijb
cpesb
hzmkjcsi
wkzfcxi
111
