90 words
a (8) 1, 3, 4, 4, 6, 7, 7, 7
ability (1) 4
alternate (1) 7
although (1) 4
always (1) 5
an (3) 3, 6, 7
and (2) 4, 5
at (1) 7
available (2) 5, 5
based (1) 3
be (3) 3, 5, 5
but (1) 3
by (1) 5
case (1) 4
certain (1) 4
construction (1) 6
derived (1) 6
devices (1) 5
distributed (1) 4
employ (1) 4
encouraged (1) 7
engine (3) 3, 4, 7
entropy (1) 4
even (1) 5
exception (2) 6, 6
exceptions (1) 7
for (1) 7
from (1) 6
generate (3) 3, 4, 7
generates (1) 3
generator (3) 1, 3, 7
generators (1) 3
if (1) 2
implementations (1) 4
in (2) 4, 5
instead (2) 4, 7
is (4) 3, 5, 6, 7
lack (1) 4
least (1) 7
library (1) 4
may (3) 4, 5, 5
meant (1) 3
method (1) 7
never (1) 5
nondeterministic (1) 2
not (2) 3, 5
notice (1) 5
number (4) 1, 4, 6, 7
numbers (6) 2, 3, 4, 4, 5, 7
of (1) 4
on (2) 3, 6
operator (1) 6
or (2) 6, 7
other (1) 3
portable (1) 7
process (1) 7
processes (1) 3
produce (2) 4, 5
produces (1) 1
program (2) 7, 7
provide (1) 7
pseudo (3) 3, 4, 7
random (10) 1, 2, 3, 4, 4, 4, 5, 5, 7, 7
really (1) 7
recovery (1) 7
requested (1) 6
requires (1) 7
returns (1) 4
sequence (1) 4
signaled (1) 5
some (1) 5
standard (2) 3, 6
stochastic (2) 3, 7
such (2) 4, 7
supported (1) 2
systems (1) 5
that (3) 1, 3, 5
the (4) 3, 4, 6, 7
they (1) 5
this (3) 3, 4, 5
throwing (1) 5
to (7) 3, 3, 4, 4, 5, 7, 7
uniformly (1) 4
unless (1) 7
unlike (1) 3
use (1) 7
values (1) 4
when (1) 6
with (1) 6
zero (1) 4
