2890
4
133
66
1
11
20
-7
-17
0
1
0
173
92
2
-11
39
2
3796
121
-54
3
13
1660
15
1
31
125
3
3408
-29
3
-8
24
80
0
2835
76
0
140
5530
70
133
0
4641
24
885
2
0
-18
146
0
86
0
2058
14
109
91
101
0
0
12
0
130
1
0
2
93
44
73
-24
5
-4
7
2720
19
113
0
1
40
68
1584
115
1
132
52
59
106
0
0
45
1104
13
3136
1440
130
2989
-75
1
89
7350
1
1551
9
18
0
58
53
6545
98
5
143
2
-22
6882
0
1
4
-1
89
23
14
3102
57
1
312
-19
16
13
14
13
87
111
0
-32
7742
0
0
1702
143
0
79
18
-58
10
5640
26
0
13
45
8
4
4824
3
-42
179
21
39
108
26
0
2
14
147
0
1860
20
0
127
59
18
39
35
37
44
4
0
1519
5369
54
6
2280
18
1520
4
9
26
1044
-56
936
18
57
25
7917
2294
0
-17
134
3
-61
6
11
32
2
0
71
25
11
-53
20
77
1378
12
0
56
0
115
1
-3
107
26
6072
27
0
3366
122
32
0
0
2800
64
-71
85
0
-5
0
-1
10
5
4784
16
448
137
-16
19
122
62
77
1
18
-20
146
13
0
70
0
-5
-64
46
98
-33
0
128
6450
93
-31
-9
135
1
18
-63
2
2
3996
1
22
14
-52
5185
1
138
1080
19
25
86
-16
1
64
0
39
86
0
52
-41
5723
39
3990
3441
0
0
52
-8
0
8
4928
57
6
31
13
19
3850
39
1311
1505
0
-26
0
82
529
5846
2
1
4071
840
0
89
16
147
2
20
156
0
-8
107
130
35
41
1190
1
0
70
101
112
70
16
42
7
27
-30
-5
0
34
64
1
18
4
1
35
119
20
75
1
7
64
3
0
-31
116
0
53
3283
3192
42
-7
23
47
0
1
111
81
118
70
3645
551
86
31
40
1701
0
0
92
135
16
1380
2
-33
-50
630
0
0
403
25
75
1
-66
1
798
57
1161
105
18
111
105
142
34
2
3876
1
12
2
65
-17
27
384
3
85
92
86
405
1071
1
3588
1
0
81
64
22
374
-58
510
0
0
14
35
44
1575
128
4824
1
4
12
80
52
3168
54
-35
164
4085
13
1
-51
20
1
-9
612
0
-32
0
1596
3
-37
80
17
2325
37
-7
105
6192
35
3577
6348
123
930
14
2
48
31
60
1
3366
137
64
-14
-19
66
41
3
16
1344
-34
94
3321
-25
2
96
-36
736
108
2
14
88
5494
4980
1458
126
0
20
149
1
53
0
0
16
3
8
-56
0
-14
110
2314
130
153
6440
9
23
50
24
125
22
31
78
114
0
5336
7566
0
43
29
0
80
21
0
2
22
11
6
92
26
-45
135
-6
114
38
16
49
65
4606
1224
1
80
41
5220
29
840
148
18
12
19
2
149
-26
-11
1343
68
6076
2720
420
109
66
2418
121
65
0
1950
6675
14
780
38
0
3
19
30
0
117
34
0
17
46
8
4698
5568
106
10
0
1
2
1
-12
8
125
-79
-24
7
728
2910
176
19
1505
-64
1080
59
124
0
1173
135
3652
494
42
1
110
1
1320
5785
103
2
0
71
2047
0
406
17
30
2
1749
128
76
55
105
104
18
129
1
2655
96
1
151
182
175
0
-1
5478
8
40
7760
-8
-42
-32
73
73
-14
9
127
0
0
111
986
17
1
820
133
32
108
-69
80
-50
150
0
-40
2
41
76
55
0
61
400
24
0
1850
5824
154
55
0
8019
10
833
1
9
0
2
984
16
1
5280
1624
92
42
86
6794
54
94
79
141
117
1525
-1
2
11
1365
-67
1089
-36
57
112
6960
1040
96
20
36
14
2484
0
44
2166
88
0
18
0
0
1482
26
157
27
54
1
4752
60
54
55
690
0
38
832
50
11
0
-77
34
-9
5796
70
111
6396
1404
1248
-33
135
41
77
139
0
0
61
0
41
0
42
-22
6
-6
83
-7
1836
6
1
0
2112
1
1
0
107
155
121
125
28
177
0
124
13
1026
3
0
14
4860
17
1
6
86
-53
140
-5
5548
-36
2
7
0
1482
-2
3008
-20
-11
12
53
46
0
2655
10
0
71
-27
3196
13
81
51
13
3480
3995
0
0
163
38
83
360
32
-37
0
118
0
54
12
140
17
0
0
149
759
6745
1333
46
137
154
-20
105
1230
0
65
-3
-19
113
10
151
-11
22
81
127
47
4
67
-70
34
77
6
25
0
6
135
2070
855
15
13
4902
2736
-72
3201
86
1
0
2196
25
0
156
2760
62
45
4
-54
0
11
63
50
129
390
44
4200
-2
10
95
9
4
4
7568
3990
55
58
-15
172
57
105
99
5
81
0
44
77
-34
0
2272
17
107
4
32
44
25
15
1316
59
61
2
14
1
93
0
840
30
5976
4209
4
3
897
63
1
14
3654
31
7
137
-51
24
1344
147
770
1254
72
969
4
90
62
2010
136
146
0
