127227039
846175896
457915562
271350123
337467005
405230377
903444769
958965506
99488379
623508251
325245576
171406455
180181354
422561772
427181022
778672185
598670064
897937232
7959554
629633376
731615556
400942042
862990006
301144855
991676
555682124
975626816
376744153
150698370
709315966
221272592
632352925
941214245
616322126
267117897
941886042
546255831
965986980
538462126
945636358
595034727
200403516
588825934
444626147
732428078
785144754
202005140
105048322
489351616
439587585
177002836
535748120
540712917
397408338
417262847
44291776
834583671
944831676
290314791
872972958
415109487
766445467
218416271
853573889
69639256
494620513
140655417
669970571
509597955
698050229
784516503
618810917
550351078
875128742
257291851
292143256
75404603
21989651
299651462
646724756
589239976
639615467
476228240
203497774
117542451
570237734
847803432
968305774
261594278
246122044
456351865
551402899
445265674
470981957
327438097
991720732
269088835
757199226
645539914
737695178
