193
0
0
70
0
0
193
0
0
0
345
0
440
33
0
0
0
666
84
0
567
507
325
89
284
1
0
248
345
0
653
0
0
0
0
917
344
305
121
40
0
0
0
210
0
540
0
0
230
184
0
0
0
0
0
0
0
294
753
58
78
270
446
0
411
0
108
277
0
0
148
0
79
289
262
587
0
0
0
934
101
8
720
449
805
0
134
282
0
187
0
0
0
0
0
0
399
0
26
88
0
61
0
244
139
645
27
0
0
719
305
128
314
416
462
0
0
0
159
179
65
0
0
476
88
373
0
0
0
0
0
0
148
0
0
0
1
856
0
23
0
452
0
134
0
0
331
0
64
390
101
0
0
0
281
0
170
0
621
0
300
0
0
0
454
69
77
128
0
40
0
0
0
595
643
210
0
41
0
326
613
0
0
0
531
358
0
0
78
18
123
298
0
292
0
0
0
0
0
164
281
0
0
0
424
409
0
0
0
438
704
0
26
472
0
442
493
0
0
0
139
0
0
453
0
0
0
0
41
0
688
0
703
0
925
473
303
0
0
466
771
0
0
0
0
0
0
322
0
0
0
0
457
0
469
542
0
0
143
0
0
887
0
0
0
0
0
91
209
17
178
57
0
475
454
94
0
429
471
0
258
229
0
0
0
58
132
0
0
0
106
0
708
298
0
673
0
0
0
44
245
0
0
286
136
608
242
84
460
0
137
286
761
326
0
448
0
59
246
0
187
318
180
0
86
330
0
248
0
375
0
0
52
0
0
0
0
0
0
0
0
0
0
0
380
338
0
0
0
482
0
0
0
56
0
0
0
0
0
414
27
359
452
295
0
124
0
283
300
421
74
20
0
162
0
297
0
0
80
202
577
0
0
0
0
130
0
416
0
0
322
0
715
0
74
0
408
0
99
807
331
0
0
0
0
586
906
384
0
333
234
0
0
605
0
0
217
0
264
551
0
0
435
0
0
237
140
205
512
63
0
401
0
0
79
0
0
0
224
0
0
0
0
639
0
0
0
196
157
0
691
35
58
0
376
385
0
0
323
0
293
88
394
0
0
61
774
177
397
147
0
0
0
420
0
346
358
0
14
0
583
567
449
314
0
610
258
12
0
395
187
430
0
0
215
0
98
0
0
0
440
608
0
516
0
0
62
0
113
0
337
0
0
307
0
0
875
43
233
117
284
396
0
21
477
0
244
0
0
274
0
0
285
0
0
896
489
0
623
0
0
0
763
0
0
0
0
0
782
0
620
0
167
140
924
266
0
0
332
0
247
667
5
852
0
0
0
0
775
0
27
0
92
0
322
0
5
396
0
380
702
6
496
582
0
0
0
244
580
0
479
0
639
90
185
0
506
146
113
524
0
82
756
0
0
246
0
0
303
0
63
231
766
307
0
506
0
301
0
0
0
0
151
114
190
0
0
0
0
103
0
657
0
0
176
953
197
0
8
0
0
0
259
681
372
0
0
0
0
9
254
270
638
0
294
0
0
673
0
137
80
566
0
634
0
0
306
507
0
365
250
112
0
0
0
226
448
277
0
0
0
165
0
555
258
208
0
0
155
582
9
0
199
19
0
0
848
277
0
0
0
0
567
0
27
121
0
98
165
0
805
0
0
738
460
0
0
0
0
123
645
113
0
0
0
621
648
548
0
235
87
0
397
0
97
0
540
198
79
225
516
0
0
0
275
158
0
12
0
0
0
195
0
0
148
0
0
717
0
292
0
672
0
0
330
38
0
0
0
800
745
0
105
21
638
0
0
0
239
232
0
501
0
164
0
0
0
0
700
0
0
0
0
0
0
277
871
446
0
875
0
329
785
0
137
251
0
305
0
229
0
0
723
0
279
466
94
477
236
0
0
297
551
0
101
0
0
36
0
259
0
742
340
0
388
317
291
563
465
312
9
0
0
613
429
0
381
0
162
0
0
79
0
81
275
247
0
0
642
0
305
0
0
334
0
161
4
0
0
0
0
228
239
0
27
0
0
0
0
2
0
176
95
194
688
0
344
901
0
0
0
0
0
0
419
208
542
684
0
0
232
0
0
0
0
0
103
0
118
0
0
524
0
0
0
0
0
9
0
0
0
424
0
590
350
495
0
501
0
411
0
0
0
609
579
0
0
166
0
0
0
584
57
0
153
0
0
440
0
98
402
0
174
0
336
0
472
318
565
0
0
0
0
188
0
0
637
0
354
0
223
0
0
278
0
0
227
109
0
16
30
0
55
524
0
716
0
0
291
203
542
0
280
0
874
380
0
0
173
34
269
515
0
0
18
565
17
0
0
127
0
0
0
0
0
0
0
0
0
0
309
299
913
742
97
192
479
249
114
563
130
0
210
0
0
0
0
0
166
0
109
0
441
232
0
23
118
207
367
0
0
0
0
0
0
0
264
298
165
0
249
0
0
0
0
165
0
407
0
0
0
0
8
351
0
9
860
187
894
0
150
0
0
394
0
0
297
690
0
110
232
0
0
675
0
68
588
0
0
391
552
0
481
0
0
515
0
0
0
0
96
278
0
74
0
0
467
513
0
0
682
392
419
83
165
153
0
506
0
0
109
0
0
0
0
467
0
0
643
142
600
0
773
0
245
186
801
0
199
549
548
207
923
510
212
0
667
726
319
800
285
759
0
12
0
499
3
195
0
80
751
469
490
146
35
596
191
95
0
0
86
0
347
0
0
0
0
0
54
396
0
137
87
0
263
41
331
0
589
0
0
556
0
36
0
61
462
0
0
487
408
0
38
235
0
239
172
750
0
0
235
0
0
498
311
0
443
867
380
0
941
0
64
0
289
0
774
626
737
0
0
396
0
0
0
0
25
8
183
0
35
322
132
0
0
435
0
0
457
0
263
0
197
0
0
589
7
289
0
0
0
0
0
0
0
0
303
823
0
0
210
640
0
0
0
0
0
0
911
42
0
0
0
0
0
0
182
0
0
636
0
221
0
700
0
31
0
147
299
0
0
186
0
604
0
109
140
0
0
654
0
0
389
744
677
824
0
377
0
280
193
0
0
496
0
0
0
0
0
49
843
51
91
50
3
0
536
3
542
0
0
0
329
0
0
357
0
0
73
471
648
158
482
195
0
0
0
0
0
0
0
0
0
0
0
124
141
0
100
80
3
201
88
25
0
83
133
0
284
733
0
108
298
302
0
0
0
0
67
0
264
410
176
0
369
142
261
0
0
0
0
198
0
196
360
0
0
0
657
106
0
0
0
441
877
0
0
0
0
0
840
0
778
0
454
0
0
0
0
241
0
0
162
0
119
0
414
0
261
652
114
0
0
0
844
483
353
120
0
0
0
122
0
364
0
0
21
62
0
83
0
0
0
47
32
0
368
106
93
507
0
102
837
652
0
467
457
541
318
0
273
539
464
0
0
0
208
0
0
305
481
0
20
0
134
0
0
0
139
0
12
0
0
0
0
0
0
0
326
0
0
0
0
342
579
131
119
83
0
0
726
214
0
551
0
0
0
394
0
449
619
0
447
0
10
0
0
0
225
552
892
0
697
500
0
0
0
697
0
0
0
378
57
463
251
160
0
0
0
346
84
0
0
0
241
125
100
3
0
320
0
0
82
0
0
0
0
391
432
0
0
438
51
0
0
0
503
0
286
702
0
450
0
459
86
411
341
339
653
0
60
0
114
0
387
0
0
0
0
0
0
82
449
0
311
0
0
399
632
669
0
0
0
97
507
92
143
0
63
0
295
79
0
387
171
0
0
0
72
343
249
334
38
0
356
0
472
0
0
0
337
0
1
0
690
0
626
0
694
143
316
394
41
764
0
0
0
0
318
0
0
0
0
698
0
124
124
82
619
0
0
103
0
0
0
342
560
0
457
0
0
0
22
301
0
0
0
477
0
121
84
0
0
0
0
719
0
0
643
0
105
0
224
0
268
0
208
45
316
0
199
214
0
0
358
209
0
0
320
344
411
31
0
300
0
0
0
0
57
0
515
0
760
0
0
0
0
305
0
0
416
173
0
136
0
0
375
0
0
0
0
0
0
0
0
12
0
0
177
277
0
332
614
0
0
68
46
0
0
0
0
565
478
0
186
0
0
40
0
237
743
108
0
0
301
659
604
0
0
0
277
0
389
0
0
380
0
0
0
341
376
43
142
0
333
50
0
0
462
204
0
0
317
109
804
542
0
0
82
310
241
797
0
66
0
0
393
0
0
144
0
0
134
127
442
0
0
0
100
0
0
393
86
0
599
480
0
0
0
0
0
0
33
232
0
344
468
644
216
0
0
33
0
3
586
0
0
0
0
0
0
0
14
8
549
613
0
0
208
287
132
0
0
128
277
868
44
0
432
0
0
768
0
600
76
0
502
0
445
98
0
0
0
197
0
0
0
350
597
0
376
0
117
8
0
0
64
357
0
0
395
210
600
615
0
0
0
278
0
0
0
137
120
38
0
0
0
683
0
104
0
442
0
0
0
4
0
0
0
0
0
0
0
513
0
452
0
0
632
909
0
0
768
950
633
0
587
84
0
0
0
149
0
0
913
186
0
0
340
216
0
0
219
377
0
306
0
0
389
131
0
0
71
0
0
311
54
35
0
0
53
0
430
231
209
0
667
235
0
762
619
45
0
0
662
745
187
177
0
271
177
27
266
540
0
184
303
155
612
250
232
439
0
0
104
0
487
230
0
0
0
0
0
613
2
38
0
151
0
4
0
0
0
0
671
0
365
0
166
0
0
0
425
0
0
75
343
43
0
0
0
299
286
249
3
0
12
0
0
327
319
0
0
642
0
0
0
0
0
525
116
0
627
0
36
0
208
524
0
0
670
537
36
0
0
275
0
208
0
363
0
0
0
0
0
246
0
0
0
0
843
90
144
0
0
258
786
0
0
122
0
259
53
228
0
9
0
873
406
0
433
0
0
0
0
484
0
0
293
0
178
0
0
325
0
0
0
107
0
0
0
0
526
0
715
281
0
0
8
501
0
205
0
39
0
0
0
0
0
0
388
4
236
0
0
0
0
614
222
122
0
139
573
98
477
0
0
0
162
0
449
568
633
0
130
0
0
431
0
0
0
0
720
740
334
673
175
0
0
108
0
120
0
837
506
0
0
43
35
0
198
0
0
840
506
0
0
0
0
270
74
686
0
554
0
0
0
53
0
0
0
0
0
0
0
50
151
0
0
0
47
0
345
0
0
0
311
339
0
0
0
40
0
222
0
0
0
113
0
736
490
0
12
77
6
410
0
268
64
0
0
632
428
0
0
0
127
411
328
459
0
200
327
0
7
0
294
0
69
0
148
0
0
0
31
0
458
0
335
0
483
0
230
0
0
0
119
0
0
0
623
208
25
0
0
239
425
587
0
434
528
26
0
281
0
548
0
150
509
334
0
0
0
436
0
0
202
0
796
0
0
0
480
553
621
0
300
322
0
0
97
318
0
0
0
0
0
0
0
0
0
0
0
465
143
217
0
0
324
152
0
0
0
0
0
249
0
58
0
259
0
246
0
0
0
0
0
417
527
0
136
553
0
484
0
0
213
70
333
431
0
0
0
625
0
14
0
0
0
0
296
0
37
690
571
686
0
533
180
348
0
0
0
115
285
193
285
392
622
0
0
0
175
660
789
44
120
749
0
117
39
85
546
0
0
0
236
320
345
672
329
0
0
172
78
176
211
0
0
0
101
0
688
493
115
0
0
511
0
0
0
29
226
0
527
0
0
601
343
625
0
68
0
0
0
0
255
0
754
0
601
0
87
673
813
0
0
835
0
0
0
586
0
140
110
188
0
191
307
0
0
208
122
968
0
189
193
0
228
0
424
164
170
793
368
323
841
909
732
67
0
0
294
0
366
169
54
86
271
198
43
0
200
300
434
184
123
0
0
0
232
280
589
0
339
771
0
0
0
625
397
249
15
0
0
288
0
0
260
0
116
245
0
0
169
572
0
304
0
311
0
28
469
4
0
0
0
40
129
0
16
216
228
0
64
0
48
37
0
767
249
198
403
0
327
38
31
0
488
492
553
0
135
478
0
89
0
58
0
0
383
129
0
883
268
709
0
344
0
447
7
0
0
0
509
166
115
458
0
0
132
0
5
0
404
154
0
0
636
0
537
0
0
280
0
544
41
0
0
195
0
0
0
0
749
0
256
0
94
0
0
0
246
292
163
384
717
341
0
81
0
0
359
494
845
706
570
0
379
0
238
0
315
412
0
0
0
0
0
0
0
0
328
0
540
0
459
0
0
0
498
597
0
112
75
406
659
556
170
0
0
0
207
0
0
0
0
62
0
425
70
58
335
2
0
190
0
0
454
0
0
0
79
0
0
710
443
0
303
0
0
0
0
751
0
0
724
557
0
0
0
101
590
468
751
475
0
0
0
0
354
0
0
718
170
0
653
610
0
904
494
0
0
0
239
0
0
0
0
0
0
247
0
0
844
0
0
0
22
150
0
0
508
97
0
142
0
624
142
106
100
0
0
3
401
176
900
0
82
486
0
374
0
0
0
493
149
0
359
0
164
0
313
660
0
34
0
0
0
0
174
0
228
0
0
928
0
571
0
738
0
0
0
388
34
0
0
392
187
0
0
0
175
446
0
655
115
0
57
185
304
128
377
137
0
0
769
0
444
177
82
588
791
352
0
0
18
280
363
0
0
0
0
308
0
0
874
310
0
0
0
0
0
0
0
0
694
0
0
0
393
0
35
42
0
271
0
0
586
0
0
387
123
367
167
0
383
0
285
344
332
575
80
0
231
0
0
0
0
0
0
114
0
0
0
772
287
410
843
0
0
507
325
0
56
20
0
0
293
278
0
0
0
917
0
0
268
343
46
153
457
210
0
0
45
0
193
0
0
550
254
47
830
0
519
413
235
313
0
615
0
0
389
247
0
0
0
0
0
431
212
225
0
0
0
0
448
0
0
476
707
74
0
248
157
0
0
15
0
196
146
0
0
0
0
0
485
0
57
0
286
0
0
117
416
0
0
0
0
0
0
0
0
0
0
51
86
385
0
0
0
225
313
0
0
679
0
138
688
295
0
0
0
0
734
735
0
0
425
0
911
223
13
0
0
243
279
0
0
207
59
0
202
33
0
0
0
251
294
207
0
0
0
0
754
414
696
25
0
535
561
0
0
0
0
0
0
0
408
0
0
781
891
0
0
122
0
580
408
0
314
443
294
0
0
0
0
71
598
563
1
0
0
133
0
0
94
616
0
0
183
0
752
0
0
593
0
0
0
158
182
357
0
814
0
0
254
0
0
181
120
0
0
305
220
84
327
28
127
0
428
0
0
24
622
0
0
572
342
918
372
0
0
333
0
0
0
0
0
0
0
650
0
260
0
441
321
0
0
0
78
833
195
290
781
418
0
256
236
0
0
0
0
0
12
323
773
0
374
0
0
361
0
0
0
101
59
419
0
189
0
282
101
0
322
0
0
0
0
0
0
0
0
0
537
89
9
22
0
380
90
884
0
0
320
530
186
115
864
635
0
453
0
468
0
0
124
670
58
0
432
71
552
330
0
107
0
0
0
25
324
0
0
659
323
415
0
0
0
123
127
0
0
14
0
0
0
0
681
0
196
0
619
0
56
0
46
0
358
0
0
0
0
227
60
0
0
0
0
46
0
165
803
723
0
451
285
165
0
0
0
691
94
0
0
0
25
172
0
4
245
0
0
0
266
0
878
0
341
294
570
480
0
0
130
0
567
27
728
0
0
0
0
0
390
0
533
0
0
0
0
19
0
198
756
652
0
0
739
0
0
0
0
71
315
0
225
480
614
0
0
300
288
0
211
0
564
685
290
0
437
0
0
0
119
444
601
42
397
0
136
510
22
361
0
0
716
0
297
0
0
0
530
0
702
0
0
0
108
297
0
262
0
419
0
596
344
0
0
900
358
0
165
316
0
0
0
251
0
113
23
85
0
262
0
17
0
0
0
0
0
0
92
0
884
0
0
627
0
263
368
0
0
131
0
435
530
11
0
6
471
278
108
124
389
243
0
0
0
133
0
0
0
35
18
371
0
0
208
0
93
0
0
0
585
267
0
0
0
220
0
892
420
0
0
57
0
0
0
726
287
279
497
398
0
230
0
214
328
0
0
0
0
0
257
34
0
31
0
0
789
666
668
0
0
0
94
0
0
347
0
657
177
0
0
335
151
59
126
101
166
117
0
89
628
714
0
30
412
566
367
0
0
173
0
0
754
0
0
0
0
0
607
0
0
0
857
72
65
0
2
0
0
9
311
0
91
33
249
29
152
644
0
157
0
969
0
0
580
0
517
0
0
0
0
0
520
0
0
286
0
363
0
107
0
0
531
257
104
279
0
705
848
251
0
0
245
6
47
25
381
545
0
0
0
0
270
0
0
0
0
489
87
187
0
0
0
0
61
0
0
0
0
0
245
0
104
0
0
546
0
0
0
0
0
0
40
0
216
410
0
0
288
354
0
823
0
0
80
493
0
402
591
717
932
0
0
0
0
24
0
852
237
0
0
102
0
0
829
0
441
239
114
0
200
0
224
0
0
0
0
368
0
0
0
0
638
309
293
613
0
0
0
0
72
0
108
613
0
0
0
429
0
0
0
0
493
0
0
0
427
692
0
0
155
0
0
0
698
346
0
0
278
555
0
0
0
959
0
239
0
255
97
396
414
396
0
806
0
0
274
281
259
0
750
0
502
0
0
255
0
0
0
378
0
11
94
408
0
0
265
438
0
93
7
146
497
0
394
113
93
0
0
551
30
56
0
0
169
0
30
0
0
0
0
0
330
0
0
0
0
0
0
629
601
347
0
0
777
410
676
341
0
0
137
784
564
238
291
436
0
0
0
0
0
0
682
162
12
117
488
106
0
450
0
243
0
110
0
253
0
0
77
0
140
514
0
0
50
78
456
84
376
953
151
645
48
0
231
374
0
0
940
130
0
0
247
816
724
0
0
594
556
2
158
0
0
0
430
91
0
0
0
0
393
0
0
378
0
601
0
0
0
119
0
0
0
52
310
670
0
792
0
0
292
165
172
0
488
46
499
507
355
629
383
64
0
0
0
0
0
0
525
226
3
0
411
0
0
587
0
448
90
0
411
0
0
7
0
0
0
0
0
0
326
0
382
69
0
384
216
0
917
0
0
0
12
0
0
0
194
29
0
215
485
423
68
0
0
0
0
0
360
0
65
110
759
0
0
0
795
553
0
296
0
487
166
0
0
152
0
135
0
0
0
0
830
168
0
506
0
180
0
0
0
237
361
38
0
0
0
416
713
0
415
0
150
0
0
0
0
156
0
325
0
0
749
200
0
0
597
0
747
0
501
59
290
371
692
0
461
84
0
0
484
0
0
0
0
0
148
671
36
0
341
0
0
110
0
0
447
0
0
28
172
0
0
357
656
0
235
0
375
0
369
152
315
0
0
741
428
0
0
0
74
0
825
0
409
139
471
440
429
0
448
0
89
306
283
375
0
0
0
158
0
0
0
0
0
616
0
0
0
0
466
0
210
21
0
336
0
262
0
0
60
110
0
0
0
708
0
55
152
0
0
7
425
0
0
340
0
146
932
447
442
425
0
0
0
174
0
0
0
0
0
0
44
0
0
320
0
350
0
0
0
316
163
0
0
0
0
0
361
0
25
42
0
0
569
220
0
0
434
0
0
251
0
0
0
0
0
375
113
34
0
582
406
454
270
0
0
17
561
0
0
323
293
130
65
0
0
101
0
313
0
0
153
0
27
234
0
0
0
0
167
63
0
896
784
849
279
709
0
0
129
0
0
0
0
0
0
0
0
0
472
0
574
0
167
666
100
408
0
123
0
37
0
217
0
162
483
237
611
109
0
0
635
0
57
48
0
0
397
290
0
443
0
322
0
404
212
0
35
0
327
0
0
0
164
659
0
0
294
134
0
395
0
0
264
0
270
33
606
556
814
0
0
0
237
47
613
0
197
0
733
98
34
0
748
0
150
0
0
0
0
487
293
93
0
0
0
301
399
0
95
357
294
0
171
0
0
227
0
0
453
94
169
0
0
613
649
0
0
213
0
0
572
0
0
0
213
12
0
0
0
196
1
935
0
75
44
140
136
0
0
381
53
327
659
534
357
0
232
124
380
0
0
203
0
0
821
0
0
0
194
0
256
70
0
0
0
0
593
117
0
0
275
71
0
605
0
0
0
603
73
0
0
0
0
0
381
244
130
214
477
0
0
0
0
0
57
308
0
0
0
799
222
0
0
864
0
675
58
404
369
0
357
0
454
0
0
92
0
267
563
0
0
0
411
0
0
0
0
0
0
0
143
0
0
234
0
473
95
0
0
127
137
86
343
0
76
158
219
0
222
418
0
0
420
0
0
564
429
741
359
314
584
0
180
0
557
0
647
925
287
0
29
0
637
485
0
0
505
233
0
0
196
0
449
0
289
0
0
0
40
0
0
142
0
0
189
0
0
0
451
0
0
0
330
0
0
778
322
0
0
319
593
299
0
198
0
201
0
0
0
0
0
0
150
0
0
867
122
692
298
877
412
0
0
0
390
0
0
0
793
491
466
0
0
460
0
0
490
0
0
0
0
0
640
491
0
0
36
432
0
577
0
0
0
0
0
0
300
0
0
0
0
0
317
0
121
0
0
0
626
141
185
889
0
253
531
284
0
445
0
0
0
0
47
0
189
31
0
51
0
396
0
76
0
0
716
823
0
0
0
0
592
0
268
60
0
708
0
0
83
0
0
159
755
0
13
70
0
0
203
75
0
161
101
256
0
0
0
583
1
320
528
525
702
0
488
0
0
0
520
0
0
1
145
161
719
14
0
55
0
0
389
109
34
293
4
0
97
64
198
0
0
0
90
55
0
364
0
0
0
0
0
0
289
0
19
0
177
536
312
173
0
442
421
176
0
110
0
334
686
298
0
0
427
872
133
645
0
0
595
0
158
500
368
117
0
354
0
0
0
131
0
380
355
0
0
62
0
0
0
417
0
0
972
276
0
311
0
0
336
598
0
0
617
0
800
854
384
0
0
0
0
134
553
125
0
0
196
0
0
0
103
0
436
485
0
835
0
235
0
266
0
282
0
0
160
58
0
190
214
342
0
0
0
298
100
0
239
573
4
362
0
199
415
244
327
266
679
46
190
0
0
0
0
372
167
0
185
23
0
0
514
0
0
0
558
0
339
722
0
48
0
0
0
0
704
0
547
142
0
554
117
116
598
511
0
0
0
0
0
102
324
759
0
0
0
170
0
0
127
846
0
0
0
601
221
0
0
473
355
0
30
44
362
0
627
481
791
221
194
0
0
351
168
0
0
0
0
0
0
0
222
0
96
634
0
0
0
253
318
124
0
327
267
160
0
0
0
293
0
526
428
0
195
0
0
0
0
795
0
0
363
0
257
798
480
0
0
0
0
127
0
0
0
158
94
0
0
0
0
0
308
103
351
0
0
0
125
499
575
0
178
61
0
0
0
319
555
0
13
0
344
527
314
0
0
336
0
0
0
73
191
0
664
0
39
71
0
418
0
0
0
763
103
712
497
0
0
0
0
0
0
202
0
0
0
0
343
0
0
256
0
0
43
499
673
111
0
536
0
207
794
0
173
109
116
0
511
0
0
730
0
20
159
0
494
0
265
0
0
0
175
0
334
0
0
668
97
186
0
520
0
330
0
623
0
0
836
0
0
42
0
452
0
226
0
38
489
0
82
0
0
0
312
656
0
243
0
80
734
0
527
0
0
0
0
415
0
0
502
25
689
0
0
457
0
576
0
0
0
0
0
479
317
76
0
0
13
491
453
116
88
0
296
780
0
252
70
0
0
545
62
428
0
0
495
631
0
520
0
548
0
108
0
473
0
0
293
625
814
694
164
0
11
384
781
351
0
0
0
0
639
312
0
190
0
304
0
0
169
0
0
0
0
204
240
0
0
0
0
0
0
0
188
0
57
0
145
0
0
274
0
303
0
0
215
0
310
0
76
520
0
0
0
694
204
14
623
195
473
0
0
0
0
0
963
0
0
220
216
445
24
0
0
553
0
0
12
620
505
0
0
43
0
725
15
0
42
624
0
417
0
0
537
209
0
508
28
0
0
40
153
0
85
0
0
485
345
443
30
239
860
320
0
0
638
0
64
238
89
0
82
48
813
0
0
808
0
7
0
0
65
153
0
513
571
387
0
336
0
38
0
257
292
432
0
0
421
0
521
0
0
108
558
0
0
224
191
362
83
128
0
10
125
85
0
118
0
191
0
166
238
68
357
96
0
0
0
0
0
0
673
0
82
453
0
0
730
89
0
0
397
0
0
370
0
619
464
218
0
0
0
156
0
100
0
0
459
0
73
0
0
0
304
0
0
331
507
332
0
124
0
0
665
26
251
124
353
0
0
193
0
0
0
741
0
32
19
347
499
0
183
0
141
0
53
0
85
0
0
800
623
0
452
0
0
165
0
645
0
0
0
0
418
0
212
371
0
0
803
8
0
431
0
0
57
0
239
249
0
0
0
228
136
12
557
0
0
141
0
0
0
0
253
0
317
0
0
138
407
0
0
0
0
0
0
0
0
0
0
0
13
92
0
0
347
813
524
0
0
84
0
392
0
151
319
0
407
224
242
77
0
0
289
0
0
210
0
0
43
199
128
0
28
71
402
0
780
0
0
785
179
15
555
548
473
335
0
0
192
239
0
0
0
0
220
0
0
0
447
0
148
0
0
26
469
265
0
489
0
0
156
0
297
132
0
676
0
0
301
0
0
365
0
0
0
3
0
0
0
0
366
0
300
588
486
0
68
0
0
0
113
0
409
0
118
0
183
0
604
710
370
669
0
0
64
0
621
267
0
0
372
0
0
0
684
100
0
251
0
0
0
77
281
0
0
0
0
284
0
0
195
725
0
0
426
0
537
221
470
0
9
0
0
0
47
276
0
312
0
784
111
0
0
493
228
0
0
0
735
235
344
26
315
272
0
0
0
358
0
130
0
0
502
0
0
327
0
278
0
323
197
338
0
0
0
434
0
0
0
234
328
16
0
0
0
789
0
100
451
0
46
244
322
316
0
0
285
281
0
0
0
0
0
631
206
753
133
652
0
483
159
594
41
371
0
448
0
251
0
0
216
243
0
831
0
376
0
0
0
170
453
0
617
0
0
28
67
0
68
104
203
118
0
0
399
0
0
0
323
541
769
268
0
406
0
0
0
716
313
0
0
0
0
67
55
0
135
247
332
0
212
0
0
0
393
0
0
0
0
53
170
0
0
131
0
630
175
575
0
65
0
398
0
0
211
139
419
417
41
251
175
354
0
0
0
48
0
760
197
369
0
20
526
102
0
108
276
0
0
0
0
797
0
245
447
0
0
237
98
141
132
456
0
0
0
700
262
324
146
311
0
0
288
562
158
456
0
0
0
644
782
564
0
303
19
250
17
0
8
471
0
0
0
413
182
645
0
218
360
714
0
527
153
0
318
892
0
0
617
331
0
199
0
134
853
0
0
159
564
179
0
0
188
0
0
225
0
0
653
77
0
69
0
210
241
47
0
312
0
45
380
461
188
197
658
0
75
210
224
7
79
271
0
0
121
0
815
0
58
126
910
113
0
406
0
0
0
407
0
42
159
0
47
209
0
195
723
274
0
0
56
443
634
53
0
0
100
191
0
944
177
50
0
177
0
112
916
0
118
0
102
0
194
0
0
101
0
189
0
246
652
0
544
29
0
0
412
0
467
104
386
0
276
167
131
0
0
0
455
493
0
0
0
0
0
0
64
617
255
825
226
176
69
0
0
0
0
512
65
0
0
0
0
557
398
0
0
264
414
0
0
822
646
239
0
0
0
118
193
0
78
0
577
0
0
153
528
0
0
309
0
0
153
203
720
59
0
0
0
0
0
0
0
75
491
167
0
0
831
65
116
199
484
0
0
72
536
0
418
0
0
172
356
0
292
0
0
0
321
651
0
0
0
12
0
291
243
13
0
328
0
0
0
0
0
862
0
0
0
323
0
21
0
0
0
0
928
0
460
225
0
582
343
135
0
29
0
0
0
0
631
0
0
0
239
0
0
0
57
160
179
0
0
0
0
9
744
77
860
627
210
571
188
156
0
0
450
0
0
0
0
413
538
605
177
0
0
631
271
0
0
108
0
0
0
0
706
87
248
54
647
158
0
0
0
281
0
84
677
632
7
51
59
466
0
619
84
38
70
347
0
470
0
0
236
0
0
0
139
0
566
621
0
0
0
791
0
0
246
95
8
543
0
0
0
0
547
0
0
0
423
0
554
0
93
0
0
608
698
48
461
637
392
0
0
479
790
319
0
0
0
0
159
45
109
0
858
0
148
267
0
14
551
0
0
0
242
0
0
645
0
0
92
0
152
280
275
445
471
0
154
69
809
65
38
0
478
179
0
0
0
0
430
881
0
385
0
245
652
159
502
595
174
204
876
0
0
0
0
0
0
0
65
0
682
761
0
214
0
77
0
237
345
0
0
0
27
0
0
614
413
0
0
609
29
0
630
0
0
879
238
258
0
712
0
0
494
711
612
0
0
601
276
0
0
706
0
0
0
0
339
0
0
0
432
482
0
113
0
0
533
0
336
294
392
0
0
0
277
0
347
47
0
0
14
513
0
0
244
762
0
589
0
533
0
400
0
0
279
295
4
0
0
0
0
156
0
0
0
0
0
0
0
683
0
0
717
466
150
645
0
53
0
621
786
0
77
0
621
725
43
504
532
610
0
0
0
0
577
140
692
0
0
0
0
0
285
479
0
0
384
0
323
733
0
0
0
0
191
0
0
721
0
0
0
383
504
211
0
0
198
178
107
0
10
0
0
905
0
0
114
0
0
0
171
197
877
0
0
0
0
0
0
0
0
0
0
0
202
0
0
0
0
0
180
0
99
412
321
270
744
0
366
116
405
0
0
0
376
0
0
762
0
537
0
119
48
0
0
32
268
0
287
100
497
209
700
673
546
650
400
118
0
488
0
0
479
558
0
0
0
0
561
0
0
147
0
0
23
0
0
44
0
0
0
0
219
0
0
6
79
229
0
0
86
316
204
0
0
287
0
287
0
0
0
0
647
205
0
323
543
360
479
142
0
0
608
35
0
293
0
312
488
0
0
0
518
454
0
0
0
350
0
363
368
418
525
0
0
0
0
0
0
172
0
0
0
0
232
0
459
0
0
0
0
633
126
134
0
176
443
290
3
777
0
0
0
0
0
0
0
0
726
67
0
0
0
0
0
0
160
0
621
0
0
308
0
354
256
0
700
0
121
719
580
558
0
0
0
498
108
374
0
385
66
0
0
501
608
387
231
157
83
0
116
431
0
315
544
0
105
246
94
45
207
705
0
385
0
0
292
317
731
349
0
0
158
542
488
0
536
501
161
0
0
617
505
169
0
0
484
0
165
0
0
0
0
56
0
280
0
542
247
0
239
162
391
740
0
103
0
0
0
0
0
0
74
62
0
39
15
0
149
0
174
0
0
285
0
386
0
0
759
280
0
0
0
0
0
894
809
315
0
154
0
496
253
406
0
0
0
0
368
146
0
0
107
671
283
166
642
28
0
474
0
0
242
183
0
213
0
277
0
814
538
0
138
0
0
0
0
0
0
0
36
242
0
29
207
0
0
339
0
0
165
67
0
303
0
0
320
0
0
0
0
0
375
286
0
0
133
0
0
0
0
230
191
0
373
587
0
0
32
805
367
0
171
0
574
306
0
629
515
96
213
307
571
0
214
106
0
0
0
0
88
0
0
353
0
0
0
0
0
0
149
0
169
770
0
194
365
181
312
0
334
12
0
0
151
0
82
192
50
0
0
540
0
0
16
678
714
20
783
0
0
0
764
0
0
0
217
0
332
0
0
0
209
26
239
94
315
0
0
328
303
0
0
127
53
365
0
719
0
0
111
0
672
34
106
7
0
309
0
495
234
662
482
174
161
164
354
0
89
159
0
0
0
0
0
139
259
0
0
0
308
256
0
45
107
68
0
0
243
0
0
459
0
318
38
0
704
0
204
0
0
0
0
0
820
338
0
264
571
420
641
0
0
0
130
398
0
759
0
0
108
0
223
0
144
0
423
21
0
633
0
27
346
363
0
206
680
0
0
562
753
0
0
863
0
0
0
0
324
458
0
0
211
0
0
508
32
463
16
0
0
0
195
0
508
0
366
0
0
597
41
0
232
508
178
0
0
0
443
413
168
0
0
862
0
0
528
174
20
0
566
0
569
662
0
482
0
932
0
141
679
0
0
0
540
357
0
0
414
0
0
0
0
44
0
105
0
367
208
0
0
356
0
0
64
0
0
233
279
0
0
148
0
37
357
0
410
1
741
524
512
0
0
0
0
0
447
470
539
362
380
173
0
111
0
68
139
263
0
391
483
299
0
77
447
0
0
818
794
481
0
0
0
185
3
524
0
365
81
0
0
0
78
0
0
0
0
0
515
0
0
0
0
23
481
188
316
827
9
0
472
0
295
0
456
599
0
465
0
112
0
0
170
400
0
0
0
0
17
458
0
0
91
344
0
0
94
3
0
0
0
0
290
0
269
0
0
0
0
236
157
366
361
346
445
191
236
777
451
312
0
501
30
0
0
251
0
0
186
737
0
85
720
195
412
0
284
0
0
528
126
184
0
17
0
717
0
0
558
0
0
0
0
0
480
0
151
0
121
0
386
0
721
0
567
111
0
164
0
0
329
0
0
209
0
286
0
9
83
284
0
672
0
0
511
626
0
0
338
0
179
0
224
0
470
518
0
0
3
0
26
0
169
0
0
0
189
0
342
0
0
584
107
0
0
77
0
0
0
0
0
683
0
0
0
0
0
0
0
469
0
0
0
0
0
0
677
680
336
117
0
22
0
385
177
376
0
0
67
0
0
0
0
0
0
0
0
155
228
35
536
0
0
0
0
321
53
0
0
547
0
77
304
38
3
174
0
332
115
773
774
0
0
612
113
0
14
185
0
0
0
0
870
0
0
18
0
363
0
0
0
690
0
0
0
33
53
0
0
0
35
139
52
332
310
0
493
0
257
359
0
430
0
45
0
179
209
386
0
0
545
202
383
0
0
220
283
41
447
0
0
0
222
0
0
0
0
634
442
704
0
0
0
0
0
305
21
0
382
325
101
123
21
0
0
321
168
0
0
394
0
499
292
48
98
0
0
0
118
231
0
409
266
502
19
821
0
651
0
332
0
0
727
0
0
85
0
0
240
402
170
667
0
133
27
0
0
525
0
0
406
0
320
895
305
0
279
544
502
0
377
0
0
0
176
0
0
0
0
165
299
295
0
484
342
0
6
0
375
0
0
0
0
0
0
0
0
42
412
344
0
50
205
242
21
0
452
188
0
0
0
0
0
0
38
0
17
238
0
213
320
508
437
0
395
760
136
163
428
321
225
0
329
0
601
322
66
691
0
0
0
3
0
86
146
174
0
0
0
386
17
0
0
0
14
0
0
0
0
62
0
762
0
814
148
627
32
215
169
0
0
0
569
0
0
0
0
130
0
419
0
583
0
417
599
531
0
0
0
0
341
215
0
203
0
0
688
527
468
187
320
0
884
0
396
0
0
101
0
456
0
0
0
0
526
0
441
143
0
578
112
0
146
0
0
0
0
107
66
87
0
0
255
0
171
0
0
0
33
228
2
0
165
0
527
362
0
603
241
470
331
0
0
632
0
613
0
232
65
208
0
98
332
0
182
10
671
328
0
265
858
422
0
251
179
0
653
0
354
168
52
53
0
0
0
57
0
0
0
397
0
0
720
0
121
0
0
473
3
0
258
0
0
0
0
0
0
239
111
0
176
0
0
253
228
0
28
174
686
88
0
575
514
0
238
542
29
0
361
0
0
206
648
0
0
0
535
597
0
58
0
0
13
111
0
0
86
151
0
0
500
625
0
693
0
0
241
0
97
0
0
37
0
670
0
0
0
29
446
0
0
0
49
0
238
0
12
19
296
557
0
243
10
56
124
0
62
867
252
0
0
0
0
141
350
0
18
304
0
0
197
251
14
369
0
688
0
148
0
531
0
33
899
0
235
0
537
0
0
0
519
0
0
0
0
285
144
6
158
597
0
723
217
199
0
311
425
696
338
53
0
554
0
779
264
0
186
0
107
0
0
0
0
102
760
9
661
0
0
417
368
73
663
0
0
93
0
0
18
282
0
227
0
0
46
0
0
366
26
0
0
273
0
369
0
0
0
630
0
831
0
0
0
0
109
0
141
0
0
53
217
165
0
0
0
257
0
853
191
0
0
103
0
365
13
487
0
130
0
532
0
0
320
0
310
378
0
249
0
463
455
0
0
0
0
0
0
0
180
800
0
0
0
576
0
0
0
0
422
57
0
278
64
0
87
102
0
124
687
262
19
0
0
628
0
0
181
0
0
651
452
0
135
0
767
90
0
0
0
0
0
386
354
97
114
318
0
0
65
453
161
0
0
0
13
0
0
87
0
0
0
0
94
179
0
155
98
0
643
5
0
0
276
7
240
276
165
504
372
603
0
413
17
0
0
509
64
141
0
0
473
0
0
0
0
0
160
0
0
446
0
319
0
0
0
326
0
17
75
246
0
0
0
0
294
0
0
0
0
439
107
0
703
0
315
59
762
99
0
696
7
304
0
0
0
0
255
0
51
763
870
386
0
80
43
573
0
365
0
73
2
949
596
0
0
0
0
0
868
835
0
0
939
0
0
236
483
361
409
0
410
0
123
139
776
0
0
452
444
790
0
0
0
0
0
309
598
0
177
79
0
500
0
39
0
0
0
0
0
0
0
0
29
0
0
300
216
0
500
0
0
0
0
0
0
0
0
740
268
0
0
0
332
0
3
221
0
0
0
223
0
560
0
368
31
0
0
0
0
387
745
0
555
0
0
0
233
0
10
105
0
224
0
0
254
215
517
575
542
716
0
180
188
0
0
324
722
81
0
48
401
0
193
578
0
0
404
0
0
0
418
644
498
0
651
0
241
0
0
479
0
0
849
486
0
167
220
0
0
0
0
171
0
0
0
0
292
0
0
0
0
532
404
129
12
771
0
3
633
27
0
585
0
0
913
0
0
310
96
0
0
0
0
0
518
0
0
63
0
0
0
0
0
127
0
0
0
0
509
0
544
0
0
0
101
0
0
203
16
0
0
0
126
177
465
271
654
52
0
444
0
0
0
0
900
110
0
317
575
161
0
65
0
0
120
0
0
0
584
317
192
581
487
32
304
158
545
0
477
0
0
0
495
0
0
0
80
293
226
0
138
0
32
651
585
0
0
141
0
0
0
0
0
503
0
470
219
0
262
0
170
0
112
189
317
0
157
0
94
0
0
110
337
249
0
0
460
162
234
0
122
0
812
0
0
426
258
0
0
0
327
0
464
0
511
0
0
170
0
0
542
96
0
0
292
401
0
0
0
0
0
602
0
26
362
0
601
0
21
568
723
559
336
499
0
0
111
0
18
0
0
0
207
322
0
64
0
0
865
0
0
0
0
0
134
100
339
0
0
99
0
0
139
0
0
0
0
0
0
0
0
335
528
0
0
270
0
0
0
166
591
0
56
0
0
0
261
760
0
0
579
0
111
0
0
0
0
359
0
46
0
0
646
0
0
197
0
0
0
0
0
0
228
0
398
59
0
128
0
539
0
0
163
63
118
0
305
100
212
0
0
693
0
0
0
0
0
0
0
258
0
449
122
96
0
0
0
0
375
563
0
0
150
91
0
404
0
0
764
0
0
200
0
0
0
0
493
0
0
0
0
0
40
0
0
0
0
900
0
202
0
174
0
0
0
612
718
0
76
796
277
133
0
807
0
546
0
530
131
484
472
295
0
0
146
265
0
0
251
299
176
0
799
731
0
14
0
0
726
0
12
0
489
699
616
0
378
0
456
327
425
0
0
0
222
0
136
282
170
149
0
177
264
108
431
0
167
0
0
249
726
0
0
503
0
466
366
617
155
0
0
0
0
343
0
570
0
0
10
0
633
131
0
0
0
378
0
478
43
74
0
92
0
416
190
448
0
0
160
426
456
628
294
0
0
486
0
392
0
225
0
0
538
201
719
473
0
143
89
0
0
790
560
312
0
0
0
0
0
275
0
591
63
0
0
0
557
0
48
0
76
494
558
177
0
0
563
41
0
0
0
8
7
390
0
152
390
0
0
147
799
0
311
0
554
401
513
832
0
0
0
230
0
0
460
0
363
176
533
7
0
0
0
0
86
0
0
0
0
616
0
0
0
0
41
0
370
0
0
0
355
494
412
0
24
446
135
714
0
0
1
138
0
242
57
0
0
0
0
0
167
570
0
227
38
0
15
4
150
0
180
447
120
0
283
17
0
380
480
0
350
475
0
0
256
751
0
0
660
0
0
185
0
0
287
0
395
608
0
272
0
0
121
1
0
462
8
0
0
0
402
385
0
688
194
774
0
0
0
0
660
514
0
259
0
309
0
344
0
482
336
565
0
282
0
143
0
0
0
618
0
278
0
0
0
10
128
166
0
0
0
333
880
465
0
0
282
0
550
121
0
217
0
262
861
610
0
438
0
366
760
216
0
154
122
466
0
0
0
838
35
0
0
262
278
842
64
312
583
749
121
0
418
0
517
715
180
165
0
0
49
303
0
0
688
0
62
0
444
0
443
0
185
0
584
0
0
59
0
0
0
138
0
0
292
89
245
0
0
0
379
184
0
0
13
0
0
0
0
94
0
504
125
250
444
0
0
0
35
440
394
273
0
776
182
1
0
56
563
466
145
829
337
445
464
129
0
0
0
34
0
