19
-5
-5
5
85
-9
27
-70
-23
2
2
1
49
64
15
1
-37
52
-4
4
0
-18
7
33
-17
-2
-48
2
1
0
-20
8
-29
56
0
-18
-1
81
23
4
-9
-5
36
-12
-16
-5
22
0
15
-7
-15
25
2
0
-9
-7
5
-7
32
-33
8
10
-1
13
-3
7
-8
4
0
3
-20
-12
21
3
1
-6
4
-1
55
-2
-7
-9
42
-10
-24
28
35
-3
5
-13
10
-11
0
7
-12
0
11
-36
8
15
-20
-1
44
-31
11
-22
26
-10
-28
9
23
32
-7
-14
21
23
-5
0
-16
-9
-18
-12
-5
-5
-47
-10
3
-26
8
9
37
25
-15
32
-2
-1
-20
-29
22
-15
-6
20
-20
-19
-7
-3
-14
3
32
0
28
5
-1
8
-41
-32
16
-37
8
-21
53
-6
55
-10
-24
5
-19
3
6
-7
-24
18
5
82
43
12
-9
33
17
23
27
19
-7
6
21
5
7
13
1
8
13
-92
-14
-1
1
-29
19
12
35
18
-9
-9
15
-56
4
-26
15
-6
-25
16
-12
-30
2
11
1
8
21
12
-14
19
23
14
11
12
21
12
-14
-21
3
-3
5
-9
-23
-6
-3
11
6
-6
1
3
1
-4
28
13
13
-2
-42
-2
17
-20
22
-23
-35
31
11
19
34
15
-8
80
34
11
-23
26
10
1
32
-33
7
3
7
9
-17
0
-17
13
-2
-20
2
21
-29
-13
67
27
15
-30
-5
14
-2
3
-10
-26
13
-41
10
13
42
6
-32
-6
4
18
-23
21
-2
5
-6
13
-14
-24
8
6
-48
13
24
-30
-6
-31
-10
5
2
14
-8
9
13
13
10
-39
16
-30
43
-2
9
36
-12
31
7
-10
17
18
24
30
-29
19
31
7
-2
-40
-4
12
-9
18
-5
-19
-38
0
9
-37
29
9
-25
-7
-17
-1
57
-48
-44
-27
29
-15
-34
8
18
41
26
-22
9
-38
4
-19
-20
-2
-11
0
-14
-12
-14
-4
-1
17
6
-62
-22
-3
-20
38
-4
14
13
23
-8
-22
20
-23
17
1
-1
7
-12
1
-2
-32
-45
1
-19
10
1
25
-12
3
-7
4
-20
-9
30
-2
-12
-23
-14
3
-15
29
-28
18
47
9
4
-4
-17
-17
-33
31
17
-2
24
16
1
-11
-11
5
35
3
-6
-6
-15
4
-26
2
-25
-18
3
-8
15
21
2
-17
23
-4
-68
25
25
-2
8
18
-3
-7
3
-2
3
31
13
-36
-19
4
-27
-11
-31
-4
14
3
-6
4
24
58
28
13
-9
0
-1
6
-2
-20
-6
32
12
13
8
-6
-16
17
-44
-30
22
-2
-19
10
-26
-6
-16
3
12
-4
-15
3
-4
49
8
-22
-14
18
-6
-5
-5
26
-11
-18
1
9
25
-10
-36
18
10
19
32
-64
-69
9
6
6
2
15
-7
29
-15
64
-24
1
-4
-17
0
-2
-23
19
3
19
-10
10
1
8
-1
14
19
41
30
-22
51
18
16
2
-3
-10
11
-37
-8
10
5
-11
26
40
19
7
0
7
23
-19
32
-8
6
55
-4
-5
-42
-14
-19
6
-17
-20
-12
22
-43
3
33
-21
-3
35
-3
-3
25
-19
-10
12
-9
-24
22
37
13
17
-8
-19
-12
-3
2
3
3
29
-16
13
-13
-21
3
-16
3
3
-14
-2
4
1
-17
-15
-5
-3
-23
-14
5
6
-17
-11
11
-1
9
-6
-23
15
1
26
29
4
29
56
35
-32
29
9
-8
55
-4
25
1
8
-34
-3
19
7
3
5
16
-11
-12
30
-23
11
-6
16
16
-7
-8
-1
-22
17
4
12
17
26
-4
11
-36
-24
-56
-20
19
-6
2
0
13
-26
-4
2
10
-21
9
8
-39
6
-5
-6
10
-21
10
12
36
33
-19
6
-15
8
-2
-8
33
37
-3
20
9
-31
10
-23
15
5
13
2
-16
21
-3
-14
3
16
-9
-14
9
-44
-29
-29
-2
0
-21
-22
15
4
3
23
9
-11
34
-2
20
13
-4
37
-2
-28
-8
-50
-16
-18
-19
-10
-12
2
-25
10
34
-2
60
-7
0
14
-35
4
14
9
10
-23
10
-6
-78
-3
7
39
-46
-30
-14
-3
-37
-9
-3
-20
16
-3
41
28
12
-19
7
32
46
9
55
-26
26
2
32
-21
-32
11
2
1
21
45
-15
-6
18
-2
1
9
-7
-20
4
-35
0
9
31
5
25
1
-2
13
15
2
-47
23
0
-41
-53
19
41
28
-25
-12
-1
23
-1
-10
-14
-1
12
4
1
12
5
-16
38
-8
26
21
-9
-48
13
-16
-1
-12
-14
-10
-39
-16
-41
-25
6
15
-25
-4
9
7
-47
2
-4
-1
-6
-35
-13
-41
-4
-53
38
8
12
-7
-38
-7
20
17
-28
1
5
9
15
2
-26
2
4
-6
-8
5
-20
-32
10
-5
-47
2
1
-4
-2
33
-9
23
-19
31
-1
4
8
-7
-21
18
3
29
-4
-4
21
14
-32
39
-24
-11
-22
-13
4
-43
-12
1
6
-83
4
-53
29
3
-1
85
34
40
-4
-31
30
89
-19
-17
31
12
-52
5
-9
15
-27
-2
-19
1
38
-7
44
8
-16
38
