Case 1: 60A
Case 2: 29
Case 3: ALD5E8
Case 4: 2RFFC4
Case 5: HIDM
Case 6: 14BBR
Case 7: 6OEI5
Case 8: 22002020010022
Case 9: 16446
Case 10: 10110060
Case 11: 132422221243
Case 12: 7
Case 13: 94
Case 14: 5MCH
Case 15: 100210100
Case 16: 5O6O9G
Case 17: 2OE
Case 18: 10
Case 19: 1010022022101
Case 20: 52111020322
Case 21: 356719B4
Case 22: 45361165
Case 23: 11G
Case 24: 100011101111110111110111111001
Case 25: 8A1C
Case 26: 1U
Case 27: 2
Case 28: 1H
Case 29: 3757189
Case 30: H6FV
Case 31: 92
Case 32: 220EBG
Case 33: LUVLOS
Case 34: 223052424511
Case 35: 3I
Case 36: 9
Case 37: 21133441261
Case 38: V
Case 39: 242
Case 40: 1020222
Case 41: 105
Case 42: 15G5313C
Case 43: H35ISS
Case 44: CED
Case 45: 2
Case 46: K3PGR8
Case 47: 31G
Case 48: 3B
Case 49: 10P
Case 50: 4
Case 51: 4G4D
Case 52: 213444
Case 53: KO
Case 54: 2
Case 55: 110100101110100010011111101100
Case 56: 1614
Case 57: DD9
Case 58: 18836G4
Case 59: 1210120021121
Case 60: 8
Case 61: 9699
Case 62: 993C59B
Case 63: 6591
Case 64: 111M2
Case 65: 3341152351
Case 66: YSI
Case 67: TVJC5
Case 68: 2F8
Case 69: 8D349
Case 70: 10100120100102220
Case 71: 33H
Case 72: 811135
Case 73: 7
Case 74: 20
Case 75: 2306
Case 76: 1
Case 77: 636
Case 78: HV9X5C
Case 79: MD
Case 80: 103172
Case 81: 24B0
Case 82: 799946
Case 83: E81BRT
Case 84: 4100400
Case 85: M6J
Case 86: 1CB92E
Case 87: B0S7TV
Case 88: 871
Case 89: 3310213
Case 90: 31A4
Case 91: FM
Case 92: 34
Case 93: 1262363
Case 94: 58620774
Case 95: 8B
Case 96: 16NJNK7
Case 97: 69A1FC
Case 98: 10101111110100110101101
Case 99: 1GBGB55
Case 100: 282675C
Case 101: 4320
Case 102: 42452
Case 103: BGM
Case 104: 22336
Case 105: 10
Case 106: CH
Case 107: BRI6N
Case 108: 31121245
Case 109: 2612
Case 110: 10453
Case 111: 2A63
Case 112: 14
Case 113: 15156333
Case 114: 59D33CC7
Case 115: 2F3
Case 116: 1C
Case 117: 1641B09
Case 118: 2C
Case 119: 941E
Case 120: 48
Case 121: 13402140
Case 122: 324000
Case 123: 9B
Case 124: 349
Case 125: 8
Case 126: 2B
Case 127: KGDP
Case 128: 2D8
Case 129: 7
Case 130: 2HAF3
Case 131: 9
Case 132: 5213024151
Case 133: 1D
Case 134: 325033
Case 135: 2
Case 136: 115484756
Case 137: 77C
Case 138: 5411
Case 139: 7
Case 140: 3KB
Case 141: 4JHMGK
Case 142: GGRD
Case 143: DAD848
Case 144: 468
Case 145: 4
Case 146: 1FKN
Case 147: DF5JG
Case 148: 1672
Case 149: 13586
Case 150: C368
Case 151: 5G5K0D
Case 152: ABE4
Case 153: 59J
Case 154: 1837
Case 155: 4933E0
Case 156: 7
Case 157: 45
Case 158: C62P
Case 159: C199
Case 160: 20
Case 161: 1RMT
Case 162: D07
Case 163: 340
Case 164: 73H4
Case 165: 9
Case 166: 10433
Case 167: 42622256
Case 168: 10334202
Case 169: 6540
Case 170: 20251015
Case 171: 1
Case 172: 2203233
Case 173: 5HLGL11
Case 174: 1J1N
Case 175: 513NO
Case 176: 55553054515
Case 177: 114894
Case 178: 3K00HCL
Case 179: 111
Case 180: 8
Case 181: 78C
Case 182: 6
Case 183: 648H
Case 184: 24CZ4
Case 185: 1653600
Case 186: 577159931
Case 187: 8
Case 188: EDA35
Case 189: J8DG3
Case 190: L6J6
Case 191: 20
Case 192: 26589855
Case 193: 1
Case 194: 7
Case 195: 228GRO
Case 196: 3XTFE
Case 197: 26221247
Case 198: 40G43
Case 199: 73919199
Case 200: 904231C9
Case 201: 12MGJGC
Case 202: 5B4PF0
Case 203: 92F1
Case 204: 1A
Case 205: EC
Case 206: 6A0A
Case 207: 3AE8221
Case 208: 4ML7AGH
Case 209: EG4O
Case 210: 36
Case 211: 9
Case 212: 31132
Case 213: 15UB
Case 214: 262CIAB
Case 215: 1
Case 216: 8C2J
Case 217: 31
Case 218: 290CC84
Case 219: 1A72388
Case 220: 2243A
Case 221: D7
Case 222: 83149D1
Case 223: 432365
Case 224: 6R0
Case 225: 5HF
Case 226: SK9QI
Case 227: 11G165
Case 228: 101
Case 229: HK95I
Case 230: 59O
Case 231: F04JN
Case 232: 111121
Case 233: 101000010
Case 234: 1102212210222001201
Case 235: 6N4KJB
Case 236: 1GH5D6
Case 237: B6D5AM
Case 238: 1123
Case 239: 7
Case 240: T
Case 241: 2R
Case 242: 7H64GL
Case 243: 2123
Case 244: 126R
Case 245: KW
Case 246: 2
Case 247: 4
Case 248: 124210244
Case 249: 131M
Case 250: 1FGRK9
Case 251: 2150
Case 252: 560F07
Case 253: 89
Case 254: 5AK4EO
Case 255: 126
Case 256: 2DAD
Case 257: 9
Case 258: A1
Case 259: 4
Case 260: 4A1D19D
Case 261: 9
Case 262: 165
Case 263: 71959
Case 264: 10B4F4GF
Case 265: 1G
Case 266: 11033525304
Case 267: 2D
Case 268: 54I1EC
Case 269: 14004
Case 270: 1C01E
Case 271: 1T
Case 272: 5A3C2
Case 273: 10
Case 274: 246D22A
Case 275: 3BJM
Case 276: P
Case 277: 41
Case 278: APTH1
Case 279: 6
Case 280: 5
Case 281: 110101
Case 282: 26GF5F
Case 283: 160958B9
Case 284: IA4
Case 285: DFEH0
Case 286: O
Case 287: 4
Case 288: CJ
Case 289: 73AA5B1D
Case 290: 3
Case 291: 1GE
Case 292: 12
Case 293: 1
Case 294: 10112102
Case 295: BE
Case 296: G30
Case 297: 6
Case 298: 27A
Case 299: 3
Case 300: 18RLJQJ
Case 301: 1
Case 302: 3E
Case 303: 38
Case 304: 33122130313012
Case 305: 5C
Case 306: 3NK6
Case 307: 2EB4
Case 308: HLGE1
Case 309: 2B9179
Case 310: 5
Case 311: KI
Case 312: 4763A8
Case 313: 1
Case 314: 1361
Case 315: A3B56
Case 316: 1X0664
Case 317: 3MFDHMD
Case 318: 3T65OF
Case 319: 1G
Case 320: 511
Case 321: C40771C
Case 322: 18HO
Case 323: 2101123210
Case 324: 2A0A359
Case 325: HE6E465
Case 326: 47I26K3
Case 327: 1E86
Case 328: 1RO
Case 329: 5HP2G
Case 330: ZKV
Case 331: GD6D
Case 332: 115
Case 333: 1A5L
Case 334: 2FCR
Case 335: 11100100
Case 336: AAE9
Case 337: 5
Case 338: B2
Case 339: AUJBV
Case 340: 856F
Case 341: 22EK3
Case 342: 274034
Case 343: 21012120
Case 344: 21013
Case 345: 1EN3EM
Case 346: LE86
Case 347: 143343555
Case 348: 10110111000011100
Case 349: 10G45
Case 350: 4A
Case 351: 20200022100012001
Case 352: 8500540
Case 353: 30
Case 354: H8
Case 355: 39493
Case 356: 52
Case 357: 176330434
Case 358: 62552
Case 359: QD
Case 360: 230040
Case 361: 115063
Case 362: 6U
Case 363: 1696
Case 364: 30
Case 365: 2043
Case 366: 4
Case 367: 10011110001111111111
Case 368: 10010010001111010
Case 369: 3D8
Case 370: 70A6EA2
Case 371: 8
Case 372: 260G3822
Case 373: 1JWID8
Case 374: 2R
Case 375: 1561748111
Case 376: M47GS
Case 377: 14
Case 378: DI1R
Case 379: 2LFLEO
Case 380: 4D
Case 381: 2222100001202211
Case 382: P746
Case 383: 1D5BNF7
Case 384: 17A3
Case 385: 272
Case 386: 1813
Case 387: K6E97G
Case 388: 1049D
Case 389: 5TP
Case 390: 45
Case 391: 3F
Case 392: BB7313
Case 393: 251A17
Case 394: 25D6V
Case 395: 12302
Case 396: 4
Case 397: 6514421634
Case 398: 6
Case 399: F
Case 400: AGDH95
Case 401: 7543
Case 402: JK4I
Case 403: 16LJG
Case 404: 122
Case 405: 300
Case 406: 2VA
Case 407: 247B0
Case 408: 1B77699
Case 409: 2GEFN
Case 410: 20AO4HK
Case 411: A7CJL
Case 412: 2231655611
Case 413: 1R
Case 414: 14
Case 415: 7F6
Case 416: 15C
Case 417: 1
Case 418: 294398B8
Case 419: 17076
Case 420: 4
Case 421: 311
Case 422: 75
Case 423: 5045555
Case 424: 1BF
Case 425: 1I0EF7
Case 426: 302
Case 427: 14A2K
Case 428: 5NACQM
Case 429: 21233312
Case 430: GVWS
Case 431: 302
Case 432: 8295BB8
Case 433: 313
Case 434: 11
Case 435: 21202112
Case 436: CCCH4
Case 437: 4
Case 438: 11200122210102002
Case 439: 25606165
Case 440: 2997
Case 441: 3
Case 442: 202221
Case 443: S
Case 444: 1
Case 445: 1WN7QH
Case 446: BK
Case 447: P7HO
Case 448: 5AP
Case 449: 2106
Case 450: RFR
Case 451: 10000110010111101
Case 452: 37BF
Case 453: 8B36A91
Case 454: DI7E
Case 455: 30AA
Case 456: 51
Case 457: 3JF4NK8
Case 458: DC2494
Case 459: 23KV
Case 460: 4
Case 461: 1GF
Case 462: 611
Case 463: 3222324
Case 464: 26QK
Case 465: 1PFO3
Case 466: D0C
Case 467: 2EF1J6
Case 468: 17768856
Case 469: 32DL
Case 470: 89362
Case 471: 6EED
Case 472: 3288567
Case 473: 164183512
Case 474: 85C983D
Case 475: 2BB4
Case 476: 10220102221
Case 477: 71D5KA
Case 478: B3
Case 479: KI
Case 480: 1CIL7AG
Case 481: CBMQJ
Case 482: 6AA
Case 483: 1149
Case 484: 9
Case 485: 117
Case 486: 5124502212
Case 487: 2K
Case 488: 1JDI63S
Case 489: FL2N0C
Case 490: 1745351641
Case 491: E1976
Case 492: 4RB6A
Case 493: 10I1LN
Case 494: 1A
Case 495: 65L6
Case 496: 415230552
Case 497: 4HG8R
Case 498: 319A7G
Case 499: 3GIG
Case 500: KEC8B9
Case 501: 9
Case 502: N5RI
Case 503: 67H0W
Case 504: HKWK
Case 505: 2CB
Case 506: 655543
Case 507: 18CD
Case 508: 1OJDF
Case 509: 4
Case 510: 1321022
Case 511: 5320D
Case 512: IG5U
Case 513: A4A2B
Case 514: 2K
Case 515: 332311221011
Case 516: 6
Case 517: 13
Case 518: 24LDG
Case 519: 11111111111001100001001001111
Case 520: 351
Case 521: 1
Case 522: 561710
Case 523: 72P4
Case 524: CE5181
Case 525: 7
Case 526: 100000011000001001000000
Case 527: 9J
Case 528: 4HJHB
Case 529: 2020110
Case 530: 23H3CS
Case 531: 2502J
Case 532: P3SI
Case 533: 1A2783
Case 534: 1B4154971
Case 535: 6
Case 536: 63H1ACH
Case 537: 225004004
Case 538: 460
Case 539: 4554535
Case 540: 5A1636
Case 541: 46
Case 542: 1CPOL
Case 543: 1101001001
Case 544: 9IMC3I
Case 545: 6
Case 546: 21
Case 547: A46C
Case 548: 12570
Case 549: 2
Case 550: 15500
Case 551: RJ
Case 552: 12N
Case 553: 5040
Case 554: 1F7DDA6C
Case 555: 19C3C6
Case 556: 10102111212
Case 557: 2M
Case 558: 6CB4F9
Case 559: 3A0954
Case 560: 112606250
Case 561: 85
Case 562: 2424140132
Case 563: 303122310133331
Case 564: 4PA7
Case 565: 46N0D
Case 566: 352889
Case 567: 29
Case 568: 39FGB
Case 569: EDC
Case 570: 2G28
Case 571: 1F
Case 572: 2BAFW1
Case 573: 11
Case 574: 76641389
Case 575: 1
Case 576: 73
Case 577: 33F3
Case 578: 426A
Case 579: 1WZ9M
Case 580: 12524502
Case 581: F
Case 582: 23A3659
Case 583: R3O9
Case 584: 201032
Case 585: 1GD
Case 586: 5077564450
Case 587: 2709135
Case 588: NINL7
Case 589: 2607B5
Case 590: FF
Case 591: 263
Case 592: 7SHT
Case 593: 2
Case 594: 133
Case 595: 10011100011111100110010010011
Case 596: 222253246
Case 597: 603
Case 598: 19QRUH
Case 599: 1
Case 600: 131734184
Case 601: 650
Case 602: 7AUCH
Case 603: 6A
Case 604: 598
Case 605: 2582
Case 606: 110534
Case 607: 9C
Case 608: A46
Case 609: 2776115
Case 610: 201200
Case 611: 110012321
Case 612: 101
Case 613: 381F90
Case 614: 116703083
Case 615: 1053AA712
Case 616: 11010022020
Case 617: 3JOC22
Case 618: 2K
Case 619: C8LE
Case 620: G0EN
Case 621: 5B1E
Case 622: A1
Case 623: SQ
Case 624: 11312553
Case 625: 1CG4
Case 626: 3
Case 627: 7Z2GSF
Case 628: 1MP11
Case 629: 32A760
Case 630: 371418
Case 631: MERL92
Case 632: 11124
Case 633: 11211215331
Case 634: 6F8C
Case 635: RQ13UF
Case 636: 30
Case 637: 6B4GEJ
Case 638: IJO3
Case 639: 5GGS5V
Case 640: 2223311012123
Case 641: 316353541
Case 642: 893CJ9K
Case 643: 5C7
Case 644: 7H9D3R
Case 645: 45646
Case 646: PGFKK
Case 647: 482
Case 648: B380458
Case 649: 84C4143
Case 650: W0NZ
Case 651: 1H2
Case 652: 4123A15
Case 653: 3H
Case 654: 302110210202
Case 655: 19BQM
Case 656: 34BU
Case 657: 3O5KT
Case 658: 1
Case 659: 100001011011000
Case 660: 4423
Case 661: 1P
Case 662: AFK
Case 663: 33
Case 664: 27H85
Case 665: EAIG6L
Case 666: 7373A294
Case 667: C8
Case 668: 93
Case 669: 11UNFK
Case 670: 14130605445
Case 671: 1644436011
Case 672: 20753
Case 673: FL76
Case 674: 26
Case 675: 32
Case 676: 57
Case 677: 1BA
Case 678: 31013
Case 679: 2GBE
Case 680: P
Case 681: 1542
Case 682: 300HK
Case 683: G
Case 684: 11556B114
Case 685: 1F
Case 686: 1B9D
Case 687: 34
Case 688: 34355502
Case 689: 7BG
Case 690: 1692I41
Case 691: 754
Case 692: JNO5
Case 693: GC5C4
Case 694: 121
Case 695: 38
Case 696: E4A1
Case 697: 2D
Case 698: 1621071033
Case 699: 12020221102101021
Case 700: 320210012312113
Case 701: 1R31P6
Case 702: 1795J
Case 703: 824278
Case 704: FBK3
Case 705: 1N7KLN
Case 706: 3
Case 707: 11
Case 708: 32240330
Case 709: I41C7
Case 710: 1RG9X6
Case 711: 44EBE
Case 712: 17
Case 713: 4EC71
Case 714: 3244707113
Case 715: MG889
Case 716: 58
Case 717: 8G1IJ4F
Case 718: 1
Case 719: 253
Case 720: F76B8
Case 721: 3
Case 722: 1576448
Case 723: 13
Case 724: 680
Case 725: 10000
Case 726: GC2D
Case 727: 29
Case 728: 1123226633
Case 729: EO21
Case 730: 3AKB8
Case 731: F3PG
Case 732: 21
Case 733: QC6CD5
Case 734: 4KP
Case 735: 1CA5
Case 736: BC
Case 737: 5M2MF
Case 738: 790DMN
Case 739: LHPL6R
Case 740: 8N99J
Case 741: 5ND2
Case 742: 1001
Case 743: 40183A45
Case 744: 1A830
Case 745: 283
Case 746: 1P
Case 747: 7
Case 748: 3140142
Case 749: 6
Case 750: 615681
Case 751: 53KID
Case 752: 175469
Case 753: 1X001G
Case 754: 1
Case 755: 25B503G
Case 756: 42
Case 757: 837264
Case 758: 11AU0
Case 759: 4H0
Case 760: 1D7A
Case 761: 2OC
Case 762: 461
Case 763: 501101742
Case 764: 471272AD
Case 765: 21EJ6
Case 766: 1929
Case 767: 217A5
Case 768: 547
Case 769: 2A
Case 770: 90
Case 771: 504
Case 772: 7
Case 773: 1JE
Case 774: 51
Case 775: 3
Case 776: 23
Case 777: 25HD8B
Case 778: 10
Case 779: 4A2
Case 780: 10242
Case 781: 133
Case 782: 2
Case 783: 682
Case 784: 45GI4M
Case 785: 3H
Case 786: 9
Case 787: 76EAC7
Case 788: 6D960A0
Case 789: 44
Case 790: 2K
Case 791: 130
Case 792: 2D
Case 793: 6
Case 794: 11001111010000011010001
Case 795: 1I55
Case 796: F
Case 797: 280JI
Case 798: 4BCF
Case 799: D8A9199
Case 800: 25I
Case 801: 25E8RC
Case 802: 103401
Case 803: 1JD2
Case 804: 677E
Case 805: BB2
Case 806: 19
Case 807: 35EE
Case 808: 3305245343
Case 809: 4LMD3P
Case 810: 1CGD2I6
Case 811: 102
Case 812: 30C
Case 813: 6
Case 814: 1F3M3
Case 815: 4M79KJG
Case 816: 1310600141
Case 817: 15H9
Case 818: 16D7D3
Case 819: 1JBDR96
Case 820: 100001101010001010110100
Case 821: 10AJ
Case 822: 1BG
Case 823: 6S5
Case 824: 1000100100101000
Case 825: 2GE3
Case 826: 10R
Case 827: 5C3
Case 828: E5ID5
Case 829: 1525450
Case 830: 1A62916
Case 831: 104025
Case 832: 492B7B
Case 833: 1172
Case 834: 2N
Case 835: 7BFD
Case 836: J6SC5G
Case 837: 37NC
Case 838: 436540
Case 839: 26647EF
Case 840: 210442443
Case 841: 2NF2
Case 842: 1200101220010
Case 843: 61I3K
Case 844: 1581507
Case 845: F6
Case 846: 4S8
Case 847: 7133
Case 848: 1N
Case 849: DDT3
Case 850: 12S
Case 851: 1110111011120
Case 852: 5VL
Case 853: 3NB0
Case 854: 1152
Case 855: 1D
Case 856: 459B
Case 857: 9FAG
Case 858: 13
Case 859: 7D76X
Case 860: 501635275
Case 861: 1G3XUF
Case 862: 1
Case 863: CB
Case 864: 1343
Case 865: 41506142
Case 866: 20
Case 867: 4B4DFD
Case 868: IYT
Case 869: ELE337
Case 870: 2VX
Case 871: 2610
Case 872: 175DE3
Case 873: 30303331306
Case 874: 211111112120200100
Case 875: 96AA18AA
Case 876: 45A
Case 877: 2
Case 878: K5
Case 879: 13212
Case 880: 4004103432
Case 881: C34
Case 882: 1619
Case 883: G3
Case 884: 2112301001333
Case 885: 4798848
Case 886: 1B0M
Case 887: 504811
Case 888: 8
Case 889: 8
Case 890: 7479
Case 891: 5E
Case 892: 1AD69D
Case 893: 5A
Case 894: 2
Case 895: 10121
Case 896: BGDJ2J
Case 897: 29
Case 898: 246413
Case 899: 102121012
Case 900: 1A
Case 901: 10042
Case 902: 10010101001100
Case 903: 8AE3C
Case 904: 1C5N
Case 905: C2B01
Case 906: K439RP
Case 907: 101100001001011011010101000
Case 908: 1002132300330
Case 909: 603
Case 910: 3
Case 911: QF
Case 912: 3E
Case 913: PQFBHB
Case 914: 36
Case 915: 2210312123
Case 916: 102DF5GG
Case 917: 2B
Case 918: 124443300
Case 919: 9MCE1I
Case 920: 1BBCC0
Case 921: 30A1S1
Case 922: 172422
Case 923: 131
Case 924: 828C6758
Case 925: CCNA
Case 926: 422695G
Case 927: 6ME
Case 928: 19358
Case 929: 5441323
Case 930: 1124
Case 931: 2M
Case 932: 7A40792
Case 933: 15033323210
Case 934: 22D7786
Case 935: 2K
Case 936: 3N
Case 937: 31261404
Case 938: 414814
Case 939: 950
Case 940: 98D09
Case 941: 625
Case 942: 2DPXM
Case 943: 8
Case 944: 1L
Case 945: 2
Case 946: 100
Case 947: 2P
Case 948: 7C8
Case 949: 10JO3
Case 950: 2FG9
Case 951: 5230542
Case 952: KHKQHM
Case 953: 1JB5LFG
Case 954: C5UK
Case 955: 6651315244
Case 956: 7A
Case 957: CD59E
Case 958: 17F
Case 959: AHBBK5
Case 960: 218CF9
Case 961: 2
Case 962: 21
Case 963: NHK8S
Case 964: 23099A4
Case 965: 100381A65
Case 966: 8
Case 967: 6H1EF
Case 968: 562581274
Case 969: 1100100100111000101111100
Case 970: 33J2K
Case 971: 115
Case 972: 10010234411
Case 973: 186636560
Case 974: 1H
Case 975: 111211012212021002
Case 976: IDK
Case 977: CH7D91
Case 978: 241464020
Case 979: 320320010101112
Case 980: 1BD398I
Case 981: 111101
Case 982: 32212
Case 983: 5J1M0E
Case 984: 6570
Case 985: 168G4H5
Case 986: 539
Case 987: 120120021120222
Case 988: 31011313221
Case 989: 330539E
Case 990: HBNO
Case 991: 16605620550
Case 992: 2
Case 993: 8
Case 994: C
Case 995: 111000
Case 996: 5RU
Case 997: F62DH
Case 998: 4201440343
Case 999: 1173
Case 1000: 3323220122
